{"numTotalTestSuites":197,"numPassedTestSuites":197,"numFailedTestSuites":0,"numPendingTestSuites":0,"numTotalTests":358,"numPassedTests":309,"numFailedTests":0,"numPendingTests":49,"numTodoTests":0,"snapshot":{"added":0,"failure":false,"filesAdded":0,"filesRemoved":0,"filesRemovedList":[],"filesUnmatched":0,"filesUpdated":0,"matched":0,"total":0,"unchecked":0,"uncheckedKeysByFile":[],"unmatched":0,"updated":0,"didUpdate":false},"startTime":1776467779389,"success":true,"testResults":[{"assertionResults":[{"ancestorTitles":["Debug Environment Loading"],"fullName":"Debug Environment Loading should load environment variables from .env.local","status":"passed","title":"should load environment variables from .env.local","duration":1.7484999999996944,"failureMessages":[],"meta":{}},{"ancestorTitles":["Debug Environment Loading"],"fullName":"Debug Environment Loading should check current working directory","status":"passed","title":"should check current working directory","duration":0.39389999999912106,"failureMessages":[],"meta":{}}],"startTime":1776467791516,"endTime":1776467791518.3938,"status":"passed","message":"","name":"C:/Users/pmati/AppFamilyFinance/FamilyFlowFinance/tests/debug-env-loading.test.ts"},{"assertionResults":[{"ancestorTitles":["Environment Variables Debug"],"fullName":"Environment Variables Debug should load environment variables from .env.local","status":"passed","title":"should load environment variables from .env.local","duration":2.201499999999214,"failureMessages":[],"meta":{}}],"startTime":1776467791430,"endTime":1776467791432.2014,"status":"passed","message":"","name":"C:/Users/pmati/AppFamilyFinance/FamilyFlowFinance/tests/debug-env.test.ts"},{"assertionResults":[{"ancestorTitles":["Debug Network Connectivity"],"fullName":"Debug Network Connectivity should test basic HTTP connectivity to Supabase","status":"passed","title":"should test basic HTTP connectivity to Supabase","duration":4.5407000000013795,"failureMessages":[],"meta":{}},{"ancestorTitles":["Debug Network Connectivity"],"fullName":"Debug Network Connectivity should test Supabase REST API endpoint","status":"passed","title":"should test Supabase REST API endpoint","duration":0.9724000000005617,"failureMessages":[],"meta":{}},{"ancestorTitles":["Debug Network Connectivity"],"fullName":"Debug Network Connectivity should test Supabase Auth endpoint","status":"passed","title":"should test Supabase Auth endpoint","duration":0.6070999999992637,"failureMessages":[],"meta":{}},{"ancestorTitles":["Debug Network Connectivity"],"fullName":"Debug Network Connectivity should test simple client initialization","status":"passed","title":"should test simple client initialization","duration":0.30979999999908614,"failureMessages":[],"meta":{}}],"startTime":1776467790426,"endTime":1776467790432.6072,"status":"passed","message":"","name":"C:/Users/pmati/AppFamilyFinance/FamilyFlowFinance/tests/debug-network.test.ts"},{"assertionResults":[{"ancestorTitles":["Simple Supabase Connection Test"],"fullName":"Simple Supabase Connection Test should connect and get basic info","status":"passed","title":"should connect and get basic info","duration":8.681899999999587,"failureMessages":[],"meta":{}},{"ancestorTitles":["Simple Supabase Connection Test"],"fullName":"Simple Supabase Connection Test should have service role client configured","status":"passed","title":"should have service role client configured","duration":1.9470999999994092,"failureMessages":[],"meta":{}}],"startTime":1776467789451,"endTime":1776467789461.947,"status":"passed","message":"","name":"C:/Users/pmati/AppFamilyFinance/FamilyFlowFinance/tests/debug-simple-connection.test.ts"},{"assertionResults":[{"ancestorTitles":["Supabase Connection Debug"],"fullName":"Supabase Connection Debug should connect to Supabase successfully","status":"passed","title":"should connect to Supabase successfully","duration":10.486799999998766,"failureMessages":[],"meta":{}}],"startTime":1776467789293,"endTime":1776467789303.4868,"status":"passed","message":"","name":"C:/Users/pmati/AppFamilyFinance/FamilyFlowFinance/tests/debug-supabase.test.ts"},{"assertionResults":[{"ancestorTitles":["recurrents utils"],"fullName":"recurrents utils advanceNextRunDate month handles month-end safely","status":"passed","title":"advanceNextRunDate month handles month-end safely","duration":1.341100000001461,"failureMessages":[],"meta":{}},{"ancestorTitles":["recurrents utils"],"fullName":"recurrents utils advanceNextRunDate week/day/year","status":"passed","title":"advanceNextRunDate week/day/year","duration":0.5371999999988475,"failureMessages":[],"meta":{}},{"ancestorTitles":["recurrents utils"],"fullName":"recurrents utils makePeriodKey formats correctly","status":"passed","title":"makePeriodKey formats correctly","duration":0.3905000000013388,"failureMessages":[],"meta":{}}],"startTime":1776467790570,"endTime":1776467790572.3904,"status":"passed","message":"","name":"C:/Users/pmati/AppFamilyFinance/FamilyFlowFinance/src/lib/recurrents.test.ts"},{"assertionResults":[{"ancestorTitles":["Goal Completion Logic - Integration Tests"],"fullName":"Goal Completion Logic - Integration Tests should complete full goal lifecycle workflow","status":"skipped","title":"should complete full goal lifecycle workflow","failureMessages":[],"meta":{}}],"startTime":1776467779389,"endTime":1776467779389,"status":"passed","message":"","name":"C:/Users/pmati/AppFamilyFinance/FamilyFlowFinance/tests/integration/goal-completion-logic.spec.ts"},{"assertionResults":[{"ancestorTitles":["Supabase Connection Test"],"fullName":"Supabase Connection Test should have valid Supabase configuration","status":"passed","title":"should have valid Supabase configuration","duration":1.3585999999995693,"failureMessages":[],"meta":{}},{"ancestorTitles":["Supabase Connection Test"],"fullName":"Supabase Connection Test should be able to make a simple query","status":"passed","title":"should be able to make a simple query","duration":5.281300000000556,"failureMessages":[],"meta":{}}],"startTime":1776467790480,"endTime":1776467790486.2812,"status":"passed","message":"","name":"C:/Users/pmati/AppFamilyFinance/FamilyFlowFinance/tests/integration/supabase-connection.spec.ts"},{"assertionResults":[{"ancestorTitles":["budgetSchema","validação básica"],"fullName":"budgetSchema validação básica deve validar um orçamento válido","status":"passed","title":"deve validar um orçamento válido","duration":2.2800999999999476,"failureMessages":[],"meta":{}},{"ancestorTitles":["budgetSchema","validação básica"],"fullName":"budgetSchema validação básica deve validar um orçamento com valor inteiro","status":"passed","title":"deve validar um orçamento com valor inteiro","duration":0.5425000000013824,"failureMessages":[],"meta":{}},{"ancestorTitles":["budgetSchema","validação de categoria_id"],"fullName":"budgetSchema validação de categoria_id deve rejeitar categoria_id vazio","status":"passed","title":"deve rejeitar categoria_id vazio","duration":1.1357000000007247,"failureMessages":[],"meta":{}},{"ancestorTitles":["budgetSchema","validação de categoria_id"],"fullName":"budgetSchema validação de categoria_id deve rejeitar categoria_id ausente","status":"passed","title":"deve rejeitar categoria_id ausente","duration":0.7775999999994383,"failureMessages":[],"meta":{}},{"ancestorTitles":["budgetSchema","validação de valor"],"fullName":"budgetSchema validação de valor deve rejeitar valor negativo","status":"passed","title":"deve rejeitar valor negativo","duration":0.49840000000040163,"failureMessages":[],"meta":{}},{"ancestorTitles":["budgetSchema","validação de valor"],"fullName":"budgetSchema validação de valor deve rejeitar valor zero","status":"passed","title":"deve rejeitar valor zero","duration":0.47220000000015716,"failureMessages":[],"meta":{}},{"ancestorTitles":["budgetSchema","validação de valor"],"fullName":"budgetSchema validação de valor deve aceitar valores decimais","status":"passed","title":"deve aceitar valores decimais","duration":0.2960000000002765,"failureMessages":[],"meta":{}},{"ancestorTitles":["budgetSchema","validação de conversão de tipos"],"fullName":"budgetSchema validação de conversão de tipos deve converter string numérica para número","status":"passed","title":"deve converter string numérica para número","duration":0.3600000000005821,"failureMessages":[],"meta":{}},{"ancestorTitles":["budgetSchema","validação de conversão de tipos"],"fullName":"budgetSchema validação de conversão de tipos deve rejeitar valor não numérico","status":"passed","title":"deve rejeitar valor não numérico","duration":0.5555999999996857,"failureMessages":[],"meta":{}},{"ancestorTitles":["budgetSchema","validação de conversão de tipos"],"fullName":"budgetSchema validação de conversão de tipos deve aceitar valor como string numérica válida","status":"passed","title":"deve aceitar valor como string numérica válida","duration":0.29939999999987776,"failureMessages":[],"meta":{}},{"ancestorTitles":["budgetSchema","validação de mês"],"fullName":"budgetSchema validação de mês deve rejeitar mês ausente","status":"passed","title":"deve rejeitar mês ausente","duration":0.26759999999922,"failureMessages":[],"meta":{}},{"ancestorTitles":["budgetSchema","validação de mês"],"fullName":"budgetSchema validação de mês deve rejeitar mês vazio","status":"passed","title":"deve rejeitar mês vazio","duration":0.477999999999156,"failureMessages":[],"meta":{}},{"ancestorTitles":["budgetSchema","validação de mês"],"fullName":"budgetSchema validação de mês deve aceitar formato de mês válido (YYYY-MM)","status":"passed","title":"deve aceitar formato de mês válido (YYYY-MM)","duration":0.20429999999942083,"failureMessages":[],"meta":{}},{"ancestorTitles":["budgetSchema","validação de mês"],"fullName":"budgetSchema validação de mês deve rejeitar formato de mês inválido","status":"passed","title":"deve rejeitar formato de mês inválido","duration":0.3878999999997177,"failureMessages":[],"meta":{}},{"ancestorTitles":["budgetSchema","casos extremos"],"fullName":"budgetSchema casos extremos deve rejeitar objeto vazio","status":"passed","title":"deve rejeitar objeto vazio","duration":0.36709999999948195,"failureMessages":[],"meta":{}},{"ancestorTitles":["budgetSchema","casos extremos"],"fullName":"budgetSchema casos extremos deve rejeitar null","status":"passed","title":"deve rejeitar null","duration":0.22419999999874562,"failureMessages":[],"meta":{}},{"ancestorTitles":["budgetSchema","casos extremos"],"fullName":"budgetSchema casos extremos deve rejeitar undefined","status":"passed","title":"deve rejeitar undefined","duration":0.19839999999931024,"failureMessages":[],"meta":{}},{"ancestorTitles":["budgetSchema","casos extremos"],"fullName":"budgetSchema casos extremos deve rejeitar campos extras não definidos","status":"passed","title":"deve rejeitar campos extras não definidos","duration":0.21570000000065193,"failureMessages":[],"meta":{}}],"startTime":1776467789599,"endTime":1776467789610.2158,"status":"passed","message":"","name":"C:/Users/pmati/AppFamilyFinance/FamilyFlowFinance/src/validation/__tests__/budgetSchema.test.ts"},{"assertionResults":[{"ancestorTitles":["signupSchema","validação básica"],"fullName":"signupSchema validação básica deve validar um signup válido","status":"passed","title":"deve validar um signup válido","duration":2.367899999999281,"failureMessages":[],"meta":{}},{"ancestorTitles":["signupSchema","validação de nome"],"fullName":"signupSchema validação de nome deve aceitar nome válido","status":"passed","title":"deve aceitar nome válido","duration":0.7971999999990658,"failureMessages":[],"meta":{}},{"ancestorTitles":["signupSchema","validação de nome"],"fullName":"signupSchema validação de nome deve rejeitar nome vazio","status":"passed","title":"deve rejeitar nome vazio","duration":0.6950999999990017,"failureMessages":[],"meta":{}},{"ancestorTitles":["signupSchema","validação de nome"],"fullName":"signupSchema validação de nome deve rejeitar nome muito curto","status":"passed","title":"deve rejeitar nome muito curto","duration":0.3063000000001921,"failureMessages":[],"meta":{}},{"ancestorTitles":["signupSchema","validação de nome"],"fullName":"signupSchema validação de nome deve rejeitar nome muito longo","status":"passed","title":"deve rejeitar nome muito longo","duration":0.3022999999993772,"failureMessages":[],"meta":{}},{"ancestorTitles":["signupSchema","validação de nome"],"fullName":"signupSchema validação de nome deve aceitar nome no limite máximo","status":"passed","title":"deve aceitar nome no limite máximo","duration":0.28259999999863794,"failureMessages":[],"meta":{}},{"ancestorTitles":["signupSchema","validação de nome"],"fullName":"signupSchema validação de nome deve rejeitar nome ausente","status":"passed","title":"deve rejeitar nome ausente","duration":0.4511999999995169,"failureMessages":[],"meta":{}},{"ancestorTitles":["signupSchema","validação de nome"],"fullName":"signupSchema validação de nome deve remover espaços extras do nome","status":"passed","title":"deve remover espaços extras do nome","duration":0.26199999999880674,"failureMessages":[],"meta":{}},{"ancestorTitles":["signupSchema","validação de email"],"fullName":"signupSchema validação de email deve aceitar emails válidos","status":"passed","title":"deve aceitar emails válidos","duration":0.5360000000000582,"failureMessages":[],"meta":{}},{"ancestorTitles":["signupSchema","validação de email"],"fullName":"signupSchema validação de email deve rejeitar emails inválidos","status":"passed","title":"deve rejeitar emails inválidos","duration":0.5763999999999214,"failureMessages":[],"meta":{}},{"ancestorTitles":["signupSchema","validação de email"],"fullName":"signupSchema validação de email deve rejeitar email vazio","status":"passed","title":"deve rejeitar email vazio","duration":0.2742999999991298,"failureMessages":[],"meta":{}},{"ancestorTitles":["signupSchema","validação de email"],"fullName":"signupSchema validação de email deve rejeitar email ausente","status":"passed","title":"deve rejeitar email ausente","duration":0.17890000000079453,"failureMessages":[],"meta":{}},{"ancestorTitles":["signupSchema","validação de email"],"fullName":"signupSchema validação de email deve aceitar email em maiúsculas","status":"passed","title":"deve aceitar email em maiúsculas","duration":0.16349999999874854,"failureMessages":[],"meta":{}},{"ancestorTitles":["signupSchema","validação de email"],"fullName":"signupSchema validação de email deve rejeitar email com espaços","status":"passed","title":"deve rejeitar email com espaços","duration":0.1859999999996944,"failureMessages":[],"meta":{}},{"ancestorTitles":["signupSchema","validação de senha"],"fullName":"signupSchema validação de senha deve aceitar senhas válidas","status":"passed","title":"deve aceitar senhas válidas","duration":0.2635000000009313,"failureMessages":[],"meta":{}},{"ancestorTitles":["signupSchema","validação de senha"],"fullName":"signupSchema validação de senha deve rejeitar senha muito curta","status":"passed","title":"deve rejeitar senha muito curta","duration":0.3355999999985215,"failureMessages":[],"meta":{}},{"ancestorTitles":["signupSchema","validação de senha"],"fullName":"signupSchema validação de senha deve rejeitar senha sem letra","status":"passed","title":"deve rejeitar senha sem letra","duration":0.39649999999892316,"failureMessages":[],"meta":{}},{"ancestorTitles":["signupSchema","validação de senha"],"fullName":"signupSchema validação de senha deve aceitar senha com letras maiúsculas","status":"passed","title":"deve aceitar senha com letras maiúsculas","duration":0.2297999999991589,"failureMessages":[],"meta":{}},{"ancestorTitles":["signupSchema","validação de senha"],"fullName":"signupSchema validação de senha deve aceitar senha com letras minúsculas","status":"passed","title":"deve aceitar senha com letras minúsculas","duration":0.2231000000010681,"failureMessages":[],"meta":{}},{"ancestorTitles":["signupSchema","validação de senha"],"fullName":"signupSchema validação de senha deve aceitar senha com números e letras","status":"passed","title":"deve aceitar senha com números e letras","duration":0.23659999999836145,"failureMessages":[],"meta":{}},{"ancestorTitles":["signupSchema","validação de senha"],"fullName":"signupSchema validação de senha deve rejeitar senha vazia","status":"passed","title":"deve rejeitar senha vazia","duration":0.20169999999961874,"failureMessages":[],"meta":{}},{"ancestorTitles":["signupSchema","validação de senha"],"fullName":"signupSchema validação de senha deve rejeitar senha ausente","status":"passed","title":"deve rejeitar senha ausente","duration":0.18260000000009313,"failureMessages":[],"meta":{}},{"ancestorTitles":["signupSchema","validação de senha"],"fullName":"signupSchema validação de senha deve aceitar senha no limite mínimo","status":"passed","title":"deve aceitar senha no limite mínimo","duration":0.15260000000125729,"failureMessages":[],"meta":{}},{"ancestorTitles":["signupSchema","casos extremos"],"fullName":"signupSchema casos extremos deve rejeitar objeto vazio","status":"passed","title":"deve rejeitar objeto vazio","duration":0.16979999999966822,"failureMessages":[],"meta":{}},{"ancestorTitles":["signupSchema","casos extremos"],"fullName":"signupSchema casos extremos deve rejeitar null","status":"passed","title":"deve rejeitar null","duration":0.14840000000003783,"failureMessages":[],"meta":{}},{"ancestorTitles":["signupSchema","casos extremos"],"fullName":"signupSchema casos extremos deve rejeitar undefined","status":"passed","title":"deve rejeitar undefined","duration":0.127200000000812,"failureMessages":[],"meta":{}},{"ancestorTitles":["signupSchema","casos extremos"],"fullName":"signupSchema casos extremos deve rejeitar campos extras não definidos","status":"passed","title":"deve rejeitar campos extras não definidos","duration":0.1761000000005879,"failureMessages":[],"meta":{}},{"ancestorTitles":["signupSchema","validação de tipos de dados"],"fullName":"signupSchema validação de tipos de dados deve rejeitar tipos incorretos","status":"passed","title":"deve rejeitar tipos incorretos","duration":0.33920000000034634,"failureMessages":[],"meta":{}},{"ancestorTitles":["signupSchema","validação de integridade"],"fullName":"signupSchema validação de integridade deve validar signup completo com todos os campos obrigatórios","status":"passed","title":"deve validar signup completo com todos os campos obrigatórios","duration":0.2117999999991298,"failureMessages":[],"meta":{}},{"ancestorTitles":["signupSchema","validação de integridade"],"fullName":"signupSchema validação de integridade deve aplicar transformações corretas","status":"passed","title":"deve aplicar transformações corretas","duration":0.18909999999959837,"failureMessages":[],"meta":{}},{"ancestorTitles":["signupSchema","validação de caracteres especiais em senha"],"fullName":"signupSchema validação de caracteres especiais em senha deve aceitar diferentes tipos de caracteres especiais","status":"passed","title":"deve aceitar diferentes tipos de caracteres especiais","duration":0.7632999999987078,"failureMessages":[],"meta":{}}],"startTime":1776467788139,"endTime":1776467788151.7632,"status":"passed","message":"","name":"C:/Users/pmati/AppFamilyFinance/FamilyFlowFinance/src/validation/__tests__/signupSchema.test.ts"},{"assertionResults":[{"ancestorTitles":["transactionSchema","validação básica"],"fullName":"transactionSchema validação básica deve validar uma transação de receita válida","status":"passed","title":"deve validar uma transação de receita válida","duration":2.4943999999995867,"failureMessages":[],"meta":{}},{"ancestorTitles":["transactionSchema","validação básica"],"fullName":"transactionSchema validação básica deve validar uma transação de despesa válida","status":"passed","title":"deve validar uma transação de despesa válida","duration":0.4382999999997992,"failureMessages":[],"meta":{}},{"ancestorTitles":["transactionSchema","validação de account_id"],"fullName":"transactionSchema validação de account_id deve rejeitar account_id vazio","status":"passed","title":"deve rejeitar account_id vazio","duration":0.6244000000006054,"failureMessages":[],"meta":{}},{"ancestorTitles":["transactionSchema","validação de account_id"],"fullName":"transactionSchema validação de account_id deve rejeitar account_id ausente","status":"passed","title":"deve rejeitar account_id ausente","duration":0.4099999999998545,"failureMessages":[],"meta":{}},{"ancestorTitles":["transactionSchema","validação de category_id"],"fullName":"transactionSchema validação de category_id deve rejeitar category_id vazio","status":"passed","title":"deve rejeitar category_id vazio","duration":0.5446000000010827,"failureMessages":[],"meta":{}},{"ancestorTitles":["transactionSchema","validação de category_id"],"fullName":"transactionSchema validação de category_id deve rejeitar category_id ausente","status":"passed","title":"deve rejeitar category_id ausente","duration":0.5720000000001164,"failureMessages":[],"meta":{}},{"ancestorTitles":["transactionSchema","validação de tipo"],"fullName":"transactionSchema validação de tipo deve aceitar apenas \"receita\" ou \"despesa\"","status":"passed","title":"deve aceitar apenas \"receita\" ou \"despesa\"","duration":0.32039999999869906,"failureMessages":[],"meta":{}},{"ancestorTitles":["transactionSchema","validação de tipo"],"fullName":"transactionSchema validação de tipo deve rejeitar tipo inválido","status":"passed","title":"deve rejeitar tipo inválido","duration":0.379399999999805,"failureMessages":[],"meta":{}},{"ancestorTitles":["transactionSchema","validação de tipo"],"fullName":"transactionSchema validação de tipo deve rejeitar tipo ausente","status":"passed","title":"deve rejeitar tipo ausente","duration":0.3462999999992462,"failureMessages":[],"meta":{}},{"ancestorTitles":["transactionSchema","validação de valor"],"fullName":"transactionSchema validação de valor deve rejeitar valor negativo","status":"passed","title":"deve rejeitar valor negativo","duration":0.30969999999979336,"failureMessages":[],"meta":{}},{"ancestorTitles":["transactionSchema","validação de valor"],"fullName":"transactionSchema validação de valor deve rejeitar valor zero","status":"passed","title":"deve rejeitar valor zero","duration":0.26009999999951106,"failureMessages":[],"meta":{}},{"ancestorTitles":["transactionSchema","validação de valor"],"fullName":"transactionSchema validação de valor deve aceitar valores decimais","status":"passed","title":"deve aceitar valores decimais","duration":0.16589999999996508,"failureMessages":[],"meta":{}},{"ancestorTitles":["transactionSchema","validação de valor"],"fullName":"transactionSchema validação de valor deve rejeitar valor ausente","status":"passed","title":"deve rejeitar valor ausente","duration":0.2276000000001659,"failureMessages":[],"meta":{}},{"ancestorTitles":["transactionSchema","validação de descrição"],"fullName":"transactionSchema validação de descrição deve aceitar descrição válida","status":"passed","title":"deve aceitar descrição válida","duration":0.15090000000054715,"failureMessages":[],"meta":{}},{"ancestorTitles":["transactionSchema","validação de descrição"],"fullName":"transactionSchema validação de descrição deve aceitar descrição vazia (opcional)","status":"passed","title":"deve aceitar descrição vazia (opcional)","duration":0.14880000000084692,"failureMessages":[],"meta":{}},{"ancestorTitles":["transactionSchema","validação de descrição"],"fullName":"transactionSchema validação de descrição deve rejeitar descrição muito longa","status":"passed","title":"deve rejeitar descrição muito longa","duration":0.27810000000135915,"failureMessages":[],"meta":{}},{"ancestorTitles":["transactionSchema","validação de descrição"],"fullName":"transactionSchema validação de descrição deve aceitar descrição no limite máximo","status":"passed","title":"deve aceitar descrição no limite máximo","duration":0.16389999999955762,"failureMessages":[],"meta":{}},{"ancestorTitles":["transactionSchema","validação de descrição"],"fullName":"transactionSchema validação de descrição deve aceitar descrição ausente (opcional)","status":"passed","title":"deve aceitar descrição ausente (opcional)","duration":0.17070000000057917,"failureMessages":[],"meta":{}},{"ancestorTitles":["transactionSchema","validação de data"],"fullName":"transactionSchema validação de data deve aceitar formato de data válido (YYYY-MM-DD)","status":"passed","title":"deve aceitar formato de data válido (YYYY-MM-DD)","duration":0.40719999999964784,"failureMessages":[],"meta":{}},{"ancestorTitles":["transactionSchema","validação de data"],"fullName":"transactionSchema validação de data deve rejeitar formato de data inválido","status":"passed","title":"deve rejeitar formato de data inválido","duration":0.4279000000005908,"failureMessages":[],"meta":{}},{"ancestorTitles":["transactionSchema","validação de data"],"fullName":"transactionSchema validação de data deve rejeitar data ausente","status":"passed","title":"deve rejeitar data ausente","duration":0.2712000000010448,"failureMessages":[],"meta":{}},{"ancestorTitles":["transactionSchema","casos extremos"],"fullName":"transactionSchema casos extremos deve rejeitar objeto vazio","status":"passed","title":"deve rejeitar objeto vazio","duration":0.42180000000007567,"failureMessages":[],"meta":{}},{"ancestorTitles":["transactionSchema","casos extremos"],"fullName":"transactionSchema casos extremos deve rejeitar null","status":"passed","title":"deve rejeitar null","duration":0.26929999999993015,"failureMessages":[],"meta":{}},{"ancestorTitles":["transactionSchema","casos extremos"],"fullName":"transactionSchema casos extremos deve rejeitar undefined","status":"passed","title":"deve rejeitar undefined","duration":0.21379999999953725,"failureMessages":[],"meta":{}},{"ancestorTitles":["transactionSchema","casos extremos"],"fullName":"transactionSchema casos extremos deve rejeitar campos extras não definidos","status":"passed","title":"deve rejeitar campos extras não definidos","duration":0.2175999999999476,"failureMessages":[],"meta":{}},{"ancestorTitles":["transactionSchema","validação de tipos de dados"],"fullName":"transactionSchema validação de tipos de dados deve converter string numérica para number no valor","status":"passed","title":"deve converter string numérica para number no valor","duration":0.21750000000065484,"failureMessages":[],"meta":{}},{"ancestorTitles":["transactionSchema","validação de tipos de dados"],"fullName":"transactionSchema validação de tipos de dados deve rejeitar valor não numérico","status":"passed","title":"deve rejeitar valor não numérico","duration":0.16129999999975553,"failureMessages":[],"meta":{}},{"ancestorTitles":["transactionSchema","validação de integridade"],"fullName":"transactionSchema validação de integridade deve validar transação completa com todos os campos obrigatórios","status":"passed","title":"deve validar transação completa com todos os campos obrigatórios","duration":0.22969999999986612,"failureMessages":[],"meta":{}}],"startTime":1776467788514,"endTime":1776467788526.2297,"status":"passed","message":"","name":"C:/Users/pmati/AppFamilyFinance/FamilyFlowFinance/src/validation/__tests__/transactionSchema.test.ts"},{"assertionResults":[{"ancestorTitles":["AccountForm"],"fullName":"AccountForm should render form fields correctly","status":"passed","title":"should render form fields correctly","duration":52.275800000000345,"failureMessages":[],"meta":{}},{"ancestorTitles":["AccountForm"],"fullName":"AccountForm should handle form submission for new account","status":"passed","title":"should handle form submission for new account","duration":237.51479999999992,"failureMessages":[],"meta":{}},{"ancestorTitles":["AccountForm"],"fullName":"AccountForm should handle form submission for editing account","status":"passed","title":"should handle form submission for editing account","duration":41.21150000000034,"failureMessages":[],"meta":{}},{"ancestorTitles":["AccountForm"],"fullName":"AccountForm should handle cancel button click","status":"passed","title":"should handle cancel button click","duration":10.444499999999607,"failureMessages":[],"meta":{}},{"ancestorTitles":["AccountForm"],"fullName":"AccountForm should show validation errors for empty required fields","status":"passed","title":"should show validation errors for empty required fields","duration":12.729800000000068,"failureMessages":[],"meta":{}},{"ancestorTitles":["AccountForm"],"fullName":"AccountForm should handle numeric input for saldo inicial","status":"passed","title":"should handle numeric input for saldo inicial","duration":14.700299999999515,"failureMessages":[],"meta":{}}],"startTime":1776467784295,"endTime":1776467784663.7002,"status":"passed","message":"","name":"C:/Users/pmati/AppFamilyFinance/FamilyFlowFinance/tests/unit/components/AccountForm.test.tsx"},{"assertionResults":[{"ancestorTitles":["GoalForm"],"fullName":"GoalForm should render form fields correctly","status":"passed","title":"should render form fields correctly","duration":34.516200000000026,"failureMessages":[],"meta":{}},{"ancestorTitles":["GoalForm"],"fullName":"GoalForm should handle form submission for new goal","status":"passed","title":"should handle form submission for new goal","duration":24.603100000000268,"failureMessages":[],"meta":{}},{"ancestorTitles":["GoalForm"],"fullName":"GoalForm should handle form submission for editing goal","status":"passed","title":"should handle form submission for editing goal","duration":25.05409999999938,"failureMessages":[],"meta":{}},{"ancestorTitles":["GoalForm"],"fullName":"GoalForm should handle cancel button click","status":"passed","title":"should handle cancel button click","duration":3.78650000000016,"failureMessages":[],"meta":{}},{"ancestorTitles":["GoalForm"],"fullName":"GoalForm should validate required fields","status":"passed","title":"should validate required fields","duration":14.147399999999834,"failureMessages":[],"meta":{}},{"ancestorTitles":["GoalForm"],"fullName":"GoalForm should validate minimum value for valor_alvo","status":"passed","title":"should validate minimum value for valor_alvo","duration":12.117799999999988,"failureMessages":[],"meta":{}},{"ancestorTitles":["GoalForm"],"fullName":"GoalForm should handle numeric input for valor_alvo","status":"passed","title":"should handle numeric input for valor_alvo","duration":4.4155000000000655,"failureMessages":[],"meta":{}},{"ancestorTitles":["GoalForm"],"fullName":"GoalForm should allow submission with valid date","status":"passed","title":"should allow submission with valid date","duration":16.784899999999652,"failureMessages":[],"meta":{}}],"startTime":1776467786087,"endTime":1776467786222.785,"status":"passed","message":"","name":"C:/Users/pmati/AppFamilyFinance/FamilyFlowFinance/tests/unit/components/GoalForm.test.tsx"},{"assertionResults":[{"ancestorTitles":["TransactionForm"],"fullName":"TransactionForm should render form fields correctly","status":"passed","title":"should render form fields correctly","duration":116.23469999999998,"failureMessages":[],"meta":{}},{"ancestorTitles":["TransactionForm"],"fullName":"TransactionForm should load accounts and categories on mount","status":"passed","title":"should load accounts and categories on mount","duration":10.375299999999697,"failureMessages":[],"meta":{}},{"ancestorTitles":["TransactionForm"],"fullName":"TransactionForm should handle form submission with valid data","status":"passed","title":"should handle form submission with valid data","duration":92.0578000000005,"failureMessages":[],"meta":{}},{"ancestorTitles":["TransactionForm"],"fullName":"TransactionForm should show validation errors for invalid data","status":"passed","title":"should show validation errors for invalid data","duration":49.26469999999972,"failureMessages":[],"meta":{}},{"ancestorTitles":["TransactionForm"],"fullName":"TransactionForm should populate form with initial data","status":"passed","title":"should populate form with initial data","duration":33.665899999999965,"failureMessages":[],"meta":{}},{"ancestorTitles":["TransactionForm"],"fullName":"TransactionForm should call onCancel when cancel button is clicked","status":"passed","title":"should call onCancel when cancel button is clicked","duration":38.1824000000006,"failureMessages":[],"meta":{}}],"startTime":1776467786045,"endTime":1776467786385.1824,"status":"passed","message":"","name":"C:/Users/pmati/AppFamilyFinance/FamilyFlowFinance/tests/unit/components/TransactionForm.test.tsx"},{"assertionResults":[{"ancestorTitles":["useAccountsQuery","useAccounts"],"fullName":"useAccountsQuery useAccounts should fetch accounts successfully","status":"passed","title":"should fetch accounts successfully","duration":64.51620000000003,"failureMessages":[],"meta":{}},{"ancestorTitles":["useAccountsQuery","useAccounts"],"fullName":"useAccountsQuery useAccounts should handle fetch accounts error","status":"passed","title":"should handle fetch accounts error","duration":64.5653000000002,"failureMessages":[],"meta":{}},{"ancestorTitles":["useAccountsQuery","useAccounts"],"fullName":"useAccountsQuery useAccounts should not fetch when user is not available","status":"passed","title":"should not fetch when user is not available","duration":2.0740999999998166,"failureMessages":[],"meta":{}},{"ancestorTitles":["useAccountsQuery","useCreateAccount"],"fullName":"useAccountsQuery useCreateAccount should create account successfully","status":"passed","title":"should create account successfully","duration":73.35710000000017,"failureMessages":[],"meta":{}},{"ancestorTitles":["useAccountsQuery","useCreateAccount"],"fullName":"useAccountsQuery useCreateAccount should handle create account error","status":"passed","title":"should handle create account error","duration":60.783800000000156,"failureMessages":[],"meta":{}},{"ancestorTitles":["useAccountsQuery","useUpdateAccount"],"fullName":"useAccountsQuery useUpdateAccount should update account successfully","status":"passed","title":"should update account successfully","duration":63.49380000000019,"failureMessages":[],"meta":{}},{"ancestorTitles":["useAccountsQuery","useUpdateAccount"],"fullName":"useAccountsQuery useUpdateAccount should handle update account error","status":"passed","title":"should handle update account error","duration":62.62289999999939,"failureMessages":[],"meta":{}},{"ancestorTitles":["useAccountsQuery","useDeleteAccount"],"fullName":"useAccountsQuery useDeleteAccount should delete account successfully","status":"passed","title":"should delete account successfully","duration":74.97270000000026,"failureMessages":[],"meta":{}},{"ancestorTitles":["useAccountsQuery","useDeleteAccount"],"fullName":"useAccountsQuery useDeleteAccount should handle delete account error","status":"passed","title":"should handle delete account error","duration":67.14710000000014,"failureMessages":[],"meta":{}}],"startTime":1776467784158,"endTime":1776467784692.1472,"status":"passed","message":"","name":"C:/Users/pmati/AppFamilyFinance/FamilyFlowFinance/tests/unit/hooks/useAccountsQuery.test.tsx"},{"assertionResults":[{"ancestorTitles":["useGoalsQuery","useGoals"],"fullName":"useGoalsQuery useGoals should fetch goals successfully","status":"passed","title":"should fetch goals successfully","duration":85.15329999999994,"failureMessages":[],"meta":{}},{"ancestorTitles":["useGoalsQuery","useGoals"],"fullName":"useGoalsQuery useGoals should handle fetch goals error","status":"passed","title":"should handle fetch goals error","duration":65.29739999999947,"failureMessages":[],"meta":{}},{"ancestorTitles":["useGoalsQuery","useGoals"],"fullName":"useGoalsQuery useGoals should not fetch when user is not available","status":"passed","title":"should not fetch when user is not available","duration":2.2615999999998166,"failureMessages":[],"meta":{}},{"ancestorTitles":["useGoalsQuery","useCreateGoal"],"fullName":"useGoalsQuery useCreateGoal should create goal successfully","status":"passed","title":"should create goal successfully","duration":64.6251999999995,"failureMessages":[],"meta":{}},{"ancestorTitles":["useGoalsQuery","useCreateGoal"],"fullName":"useGoalsQuery useCreateGoal should handle create goal error","status":"passed","title":"should handle create goal error","duration":62.02070000000003,"failureMessages":[],"meta":{}},{"ancestorTitles":["useGoalsQuery","useUpdateGoal"],"fullName":"useGoalsQuery useUpdateGoal should update goal successfully","status":"passed","title":"should update goal successfully","duration":62.743099999999686,"failureMessages":[],"meta":{}},{"ancestorTitles":["useGoalsQuery","useUpdateGoal"],"fullName":"useGoalsQuery useUpdateGoal should handle update goal error","status":"passed","title":"should handle update goal error","duration":62.15680000000066,"failureMessages":[],"meta":{}},{"ancestorTitles":["useGoalsQuery","useDeleteGoal"],"fullName":"useGoalsQuery useDeleteGoal should delete goal successfully","status":"passed","title":"should delete goal successfully","duration":62.61630000000059,"failureMessages":[],"meta":{}},{"ancestorTitles":["useGoalsQuery","useDeleteGoal"],"fullName":"useGoalsQuery useDeleteGoal should handle delete goal error","status":"passed","title":"should handle delete goal error","duration":62.63429999999971,"failureMessages":[],"meta":{}}],"startTime":1776467784029,"endTime":1776467784558.6343,"status":"passed","message":"","name":"C:/Users/pmati/AppFamilyFinance/FamilyFlowFinance/tests/unit/hooks/useGoalsQuery.test.tsx"},{"assertionResults":[{"ancestorTitles":["usePayroll.exportPayslips"],"fullName":"usePayroll.exportPayslips exporta com sucesso e abre URL assinada (CSV)","status":"passed","title":"exporta com sucesso e abre URL assinada (CSV)","duration":13.632900000000518,"failureMessages":[],"meta":{}},{"ancestorTitles":["usePayroll.exportPayslips"],"fullName":"usePayroll.exportPayslips propaga erro vindo da Edge Function e define estado de erro","status":"passed","title":"propaga erro vindo da Edge Function e define estado de erro","duration":3.415000000000873,"failureMessages":[],"meta":{}},{"ancestorTitles":["usePayroll.exportPayslips"],"fullName":"usePayroll.exportPayslips lida com exceções de runtime (ex.: falha de rede)","status":"passed","title":"lida com exceções de runtime (ex.: falha de rede)","duration":2.9025000000001455,"failureMessages":[],"meta":{}}],"startTime":1776467787306,"endTime":1776467787325.9026,"status":"passed","message":"","name":"C:/Users/pmati/AppFamilyFinance/FamilyFlowFinance/tests/unit/hooks/usePayroll.export.test.ts"},{"assertionResults":[{"ancestorTitles":["useTransactionsQuery","useTransactions"],"fullName":"useTransactionsQuery useTransactions should fetch transactions successfully","status":"passed","title":"should fetch transactions successfully","duration":75.5673999999999,"failureMessages":[],"meta":{}},{"ancestorTitles":["useTransactionsQuery","useTransactions"],"fullName":"useTransactionsQuery useTransactions should apply filters correctly","status":"passed","title":"should apply filters correctly","duration":65.94010000000071,"failureMessages":[],"meta":{}},{"ancestorTitles":["useTransactionsQuery","useTransactions"],"fullName":"useTransactionsQuery useTransactions should handle errors","status":"passed","title":"should handle errors","duration":73.6302999999998,"failureMessages":[],"meta":{}},{"ancestorTitles":["useTransactionsQuery","useCreateTransaction"],"fullName":"useTransactionsQuery useCreateTransaction should create transaction successfully","status":"passed","title":"should create transaction successfully","duration":2.2838999999994485,"failureMessages":[],"meta":{}},{"ancestorTitles":["useTransactionsQuery","useCreateTransaction"],"fullName":"useTransactionsQuery useCreateTransaction should handle creation errors","status":"passed","title":"should handle creation errors","duration":1.7869999999993524,"failureMessages":[],"meta":{}},{"ancestorTitles":["useTransactionsQuery","useUpdateTransaction"],"fullName":"useTransactionsQuery useUpdateTransaction should update transaction successfully","status":"passed","title":"should update transaction successfully","duration":1.501499999999396,"failureMessages":[],"meta":{}},{"ancestorTitles":["useTransactionsQuery","useDeleteTransaction"],"fullName":"useTransactionsQuery useDeleteTransaction should delete transaction successfully","status":"passed","title":"should delete transaction successfully","duration":1.530999999999949,"failureMessages":[],"meta":{}}],"startTime":1776467785840,"endTime":1776467786062.531,"status":"passed","message":"","name":"C:/Users/pmati/AppFamilyFinance/FamilyFlowFinance/tests/unit/hooks/useTransactionsQuery.test.tsx"},{"assertionResults":[{"ancestorTitles":["Accounts Service","getAccounts"],"fullName":"Accounts Service getAccounts should fetch accounts successfully","status":"passed","title":"should fetch accounts successfully","duration":2.630799999998999,"failureMessages":[],"meta":{}},{"ancestorTitles":["Accounts Service","getAccounts"],"fullName":"Accounts Service getAccounts should handle fetch error","status":"passed","title":"should handle fetch error","duration":0.689699999998993,"failureMessages":[],"meta":{}},{"ancestorTitles":["Accounts Service","getAccount"],"fullName":"Accounts Service getAccount should fetch single account","status":"passed","title":"should fetch single account","duration":0.755299999998897,"failureMessages":[],"meta":{}},{"ancestorTitles":["Accounts Service","getAccount"],"fullName":"Accounts Service getAccount should handle account not found","status":"passed","title":"should handle account not found","duration":0.4153999999998632,"failureMessages":[],"meta":{}},{"ancestorTitles":["Accounts Service","createAccount"],"fullName":"Accounts Service createAccount should create account successfully","status":"passed","title":"should create account successfully","duration":0.9884000000001834,"failureMessages":[],"meta":{}},{"ancestorTitles":["Accounts Service","createAccount"],"fullName":"Accounts Service createAccount should create account with zero initial balance","status":"passed","title":"should create account with zero initial balance","duration":0.44349999999940337,"failureMessages":[],"meta":{}},{"ancestorTitles":["Accounts Service","createAccount"],"fullName":"Accounts Service createAccount should handle create error","status":"passed","title":"should handle create error","duration":0.39980000000105065,"failureMessages":[],"meta":{}},{"ancestorTitles":["Accounts Service","updateAccount"],"fullName":"Accounts Service updateAccount should update account successfully","status":"passed","title":"should update account successfully","duration":1.0277999999998428,"failureMessages":[],"meta":{}},{"ancestorTitles":["Accounts Service","updateAccount"],"fullName":"Accounts Service updateAccount should handle update error","status":"passed","title":"should handle update error","duration":0.5294000000012602,"failureMessages":[],"meta":{}},{"ancestorTitles":["Accounts Service","deleteAccount"],"fullName":"Accounts Service deleteAccount should delete account successfully","status":"passed","title":"should delete account successfully","duration":0.4845000000004802,"failureMessages":[],"meta":{}},{"ancestorTitles":["Accounts Service","deleteAccount"],"fullName":"Accounts Service deleteAccount should handle delete error","status":"passed","title":"should handle delete error","duration":0.22580000000016298,"failureMessages":[],"meta":{}},{"ancestorTitles":["Accounts Service","deleteAccount"],"fullName":"Accounts Service deleteAccount should handle RPC error response","status":"passed","title":"should handle RPC error response","duration":0.22580000000016298,"failureMessages":[],"meta":{}},{"ancestorTitles":["Accounts Service","deleteAccount"],"fullName":"Accounts Service deleteAccount should handle unexpected response format","status":"passed","title":"should handle unexpected response format","duration":0.19800000000032014,"failureMessages":[],"meta":{}},{"ancestorTitles":["Accounts Service - Family vs Personal (Regressão)"],"fullName":"Accounts Service - Family vs Personal (Regressão) getAccountsWithBalances deve excluir contas com family_id (área pessoal)","status":"passed","title":"getAccountsWithBalances deve excluir contas com family_id (área pessoal)","duration":1.318199999999706,"failureMessages":[],"meta":{}},{"ancestorTitles":["Accounts Service - Family vs Personal (Regressão)"],"fullName":"Accounts Service - Family vs Personal (Regressão) getFamilyAccountsWithBalances deve devolver apenas contas com family_id","status":"passed","title":"getFamilyAccountsWithBalances deve devolver apenas contas com family_id","duration":0.8272000000015396,"failureMessages":[],"meta":{}}],"startTime":1776467788317,"endTime":1776467788329.8271,"status":"passed","message":"","name":"C:/Users/pmati/AppFamilyFinance/FamilyFlowFinance/tests/unit/services/accounts.test.ts"},{"assertionResults":[{"ancestorTitles":["budgets service"],"fullName":"budgets service getBudgets retorna um array","status":"passed","title":"getBudgets retorna um array","duration":1.6730999999999767,"failureMessages":[],"meta":{}}],"startTime":1776467791357,"endTime":1776467791358.673,"status":"passed","message":"","name":"C:/Users/pmati/AppFamilyFinance/FamilyFlowFinance/tests/unit/services/budgets.spec.ts"},{"assertionResults":[{"ancestorTitles":["transactions service"],"fullName":"transactions service getTransactions retorna um array","status":"passed","title":"getTransactions retorna um array","duration":1.6286000000000058,"failureMessages":[],"meta":{}}],"startTime":1776467792135,"endTime":1776467792136.6287,"status":"passed","message":"","name":"C:/Users/pmati/AppFamilyFinance/FamilyFlowFinance/tests/unit/services/transactions.spec.ts"},{"assertionResults":[{"ancestorTitles":["Transactions Service","getTransactions"],"fullName":"Transactions Service getTransactions should return transactions successfully","status":"passed","title":"should return transactions successfully","duration":3.43710000000101,"failureMessages":[],"meta":{}},{"ancestorTitles":["Transactions Service","getTransactions"],"fullName":"Transactions Service getTransactions should handle database error","status":"passed","title":"should handle database error","duration":0.5879999999997381,"failureMessages":[],"meta":{}},{"ancestorTitles":["Transactions Service","getTransaction"],"fullName":"Transactions Service getTransaction should fetch single transaction","status":"passed","title":"should fetch single transaction","duration":0.8073999999996886,"failureMessages":[],"meta":{}},{"ancestorTitles":["Transactions Service","getTransaction"],"fullName":"Transactions Service getTransaction should handle transaction not found","status":"passed","title":"should handle transaction not found","duration":0.4621000000006461,"failureMessages":[],"meta":{}},{"ancestorTitles":["Transactions Service","createTransaction"],"fullName":"Transactions Service createTransaction should create transaction successfully","status":"passed","title":"should create transaction successfully","duration":1.0387999999984459,"failureMessages":[],"meta":{}},{"ancestorTitles":["Transactions Service","createTransaction"],"fullName":"Transactions Service createTransaction should handle create error","status":"passed","title":"should handle create error","duration":0.396999999999025,"failureMessages":[],"meta":{}},{"ancestorTitles":["Transactions Service","updateTransaction"],"fullName":"Transactions Service updateTransaction should update transaction successfully","status":"passed","title":"should update transaction successfully","duration":0.6190999999998894,"failureMessages":[],"meta":{}},{"ancestorTitles":["Transactions Service","updateTransaction"],"fullName":"Transactions Service updateTransaction should handle update error","status":"passed","title":"should handle update error","duration":0.4474000000009255,"failureMessages":[],"meta":{}},{"ancestorTitles":["Transactions Service","deleteTransaction"],"fullName":"Transactions Service deleteTransaction should delete a transaction successfully","status":"passed","title":"should delete a transaction successfully","duration":1.0071000000007189,"failureMessages":[],"meta":{}},{"ancestorTitles":["Transactions Service","deleteTransaction"],"fullName":"Transactions Service deleteTransaction should handle delete error","status":"passed","title":"should handle delete error","duration":0.4455999999991036,"failureMessages":[],"meta":{}}],"startTime":1776467790261,"endTime":1776467790270.4456,"status":"passed","message":"","name":"C:/Users/pmati/AppFamilyFinance/FamilyFlowFinance/tests/unit/services/transactions.test.ts"},{"assertionResults":[{"ancestorTitles":["Edge Function export-payslips — audit logging"],"fullName":"Edge Function export-payslips — audit logging Export CSV deve registar uma linha em export_audit visível via RLS","status":"skipped","title":"Export CSV deve registar uma linha em export_audit visível via RLS","failureMessages":[],"meta":{}}],"startTime":1776467779389,"endTime":1776467779389,"status":"passed","message":"","name":"C:/Users/pmati/AppFamilyFinance/FamilyFlowFinance/tests/integration/edge/export-payslips.audit.test.ts"},{"assertionResults":[{"ancestorTitles":["Edge Function export-payslips — fluxo autenticado básico"],"fullName":"Edge Function export-payslips — fluxo autenticado básico POST autorizado com ids inexistentes devolve 404 (Nenhum payslip encontrado) [CSV]","status":"skipped","title":"POST autorizado com ids inexistentes devolve 404 (Nenhum payslip encontrado) [CSV]","failureMessages":[],"meta":{}},{"ancestorTitles":["Edge Function export-payslips — fluxo autenticado básico"],"fullName":"Edge Function export-payslips — fluxo autenticado básico POST autorizado com ids inexistentes devolve 404 (Nenhum payslip encontrado) [PDF]","status":"skipped","title":"POST autorizado com ids inexistentes devolve 404 (Nenhum payslip encontrado) [PDF]","failureMessages":[],"meta":{}}],"startTime":1776467779389,"endTime":1776467779389,"status":"passed","message":"","name":"C:/Users/pmati/AppFamilyFinance/FamilyFlowFinance/tests/integration/edge/export-payslips.auth.test.ts"},{"assertionResults":[{"ancestorTitles":["Edge Function export-payslips — cenários negativos"],"fullName":"Edge Function export-payslips — cenários negativos OPTIONS responde com 200 e cabeçalhos CORS","status":"skipped","title":"OPTIONS responde com 200 e cabeçalhos CORS","failureMessages":[],"meta":{}},{"ancestorTitles":["Edge Function export-payslips — cenários negativos"],"fullName":"Edge Function export-payslips — cenários negativos GET devolve 405 (Método não permitido)","status":"skipped","title":"GET devolve 405 (Método não permitido)","failureMessages":[],"meta":{}},{"ancestorTitles":["Edge Function export-payslips — cenários negativos"],"fullName":"Edge Function export-payslips — cenários negativos POST sem Authorization devolve 401 (Não autenticado)","status":"skipped","title":"POST sem Authorization devolve 401 (Não autenticado)","failureMessages":[],"meta":{}},{"ancestorTitles":["Edge Function export-payslips — cenários negativos"],"fullName":"Edge Function export-payslips — cenários negativos POST com payload inválido (format fora do enum) devolve 400 (Parâmetros inválidos)","status":"skipped","title":"POST com payload inválido (format fora do enum) devolve 400 (Parâmetros inválidos)","failureMessages":[],"meta":{}},{"ancestorTitles":["Edge Function export-payslips — cenários negativos"],"fullName":"Edge Function export-payslips — cenários negativos POST com body sem ids/range devolve 400 (Parâmetros inválidos: forneça ids ou range)","status":"skipped","title":"POST com body sem ids/range devolve 400 (Parâmetros inválidos: forneça ids ou range)","failureMessages":[],"meta":{}}],"startTime":1776467779389,"endTime":1776467779389,"status":"passed","message":"","name":"C:/Users/pmati/AppFamilyFinance/FamilyFlowFinance/tests/integration/edge/export-payslips.negative.test.ts"},{"assertionResults":[{"ancestorTitles":["Edge Function export-payslips — rate limit 10/h"],"fullName":"Edge Function export-payslips — rate limit 10/h Após 10 exports com sucesso, a chamada seguinte deve devolver 429","status":"skipped","title":"Após 10 exports com sucesso, a chamada seguinte deve devolver 429","failureMessages":[],"meta":{}}],"startTime":1776467779389,"endTime":1776467779389,"status":"passed","message":"","name":"C:/Users/pmati/AppFamilyFinance/FamilyFlowFinance/tests/integration/edge/export-payslips.rate-limit.test.ts"},{"assertionResults":[{"ancestorTitles":["Canonical Goal Functions (integration)"],"fullName":"Canonical Goal Functions (integration) allocate_to_goal_with_transaction deve criar transações e reservar saldo","status":"skipped","title":"allocate_to_goal_with_transaction deve criar transações e reservar saldo","failureMessages":[],"meta":{}},{"ancestorTitles":["Canonical Goal Functions (integration)"],"fullName":"Canonical Goal Functions (integration) deallocate_from_goal_with_transaction deve reverter reservas e refletir nas views","status":"skipped","title":"deallocate_from_goal_with_transaction deve reverter reservas e refletir nas views","failureMessages":[],"meta":{}},{"ancestorTitles":["Canonical Goal Functions (integration)"],"fullName":"Canonical Goal Functions (integration) delete_goal_with_restoration deve eliminar o objetivo e restaurar reservas/ligação","status":"skipped","title":"delete_goal_with_restoration deve eliminar o objetivo e restaurar reservas/ligação","failureMessages":[],"meta":{}}],"startTime":1776467779389,"endTime":1776467779389,"status":"passed","message":"","name":"C:/Users/pmati/AppFamilyFinance/FamilyFlowFinance/tests/integration/goals/goal-canonical-functions.test.ts"},{"assertionResults":[{"ancestorTitles":["Goal Deletion at 100% with Multiple Origin Accounts (integration)"],"fullName":"Goal Deletion at 100% with Multiple Origin Accounts (integration) deve alocar 500+500 e atingir 100%, depois eliminar sem debitar origens","status":"skipped","title":"deve alocar 500+500 e atingir 100%, depois eliminar sem debitar origens","failureMessages":[],"meta":{}}],"startTime":1776467779389,"endTime":1776467779389,"status":"passed","message":"","name":"C:/Users/pmati/AppFamilyFinance/FamilyFlowFinance/tests/integration/goals/goal-delete-100-multi-origins.spec.ts"},{"assertionResults":[{"ancestorTitles":["Goal Deletion Idempotency (integration)"],"fullName":"Goal Deletion Idempotency (integration) deve eliminar duas vezes com a mesma idempotency_key sem efeitos adicionais","status":"skipped","title":"deve eliminar duas vezes com a mesma idempotency_key sem efeitos adicionais","failureMessages":[],"meta":{}}],"startTime":1776467779389,"endTime":1776467779389,"status":"passed","message":"","name":"C:/Users/pmati/AppFamilyFinance/FamilyFlowFinance/tests/integration/goals/goal-delete-idempotency.spec.ts"},{"assertionResults":[{"ancestorTitles":["Supabase Connection Test"],"fullName":"Supabase Connection Test should connect to Supabase successfully","status":"passed","title":"should connect to Supabase successfully","duration":10.9950000000008,"failureMessages":[],"meta":{}},{"ancestorTitles":["Supabase Connection Test"],"fullName":"Supabase Connection Test should be able to check auth status","status":"passed","title":"should be able to check auth status","duration":1.5668000000005122,"failureMessages":[],"meta":{}}],"startTime":1776467788317,"endTime":1776467788329.567,"status":"passed","message":"","name":"C:/Users/pmati/AppFamilyFinance/FamilyFlowFinance/tests/integration/rls/basic-connection.spec.ts"},{"assertionResults":[{"ancestorTitles":["RLS - Categories","SELECT permissions - Personal categories"],"fullName":"RLS - Categories SELECT permissions - Personal categories should allow users to read their own personal categories","status":"skipped","title":"should allow users to read their own personal categories","failureMessages":[],"meta":{}},{"ancestorTitles":["RLS - Categories","SELECT permissions - Personal categories"],"fullName":"RLS - Categories SELECT permissions - Personal categories should not allow users to read personal categories from other users","status":"skipped","title":"should not allow users to read personal categories from other users","failureMessages":[],"meta":{}},{"ancestorTitles":["RLS - Categories","SELECT permissions - Family categories"],"fullName":"RLS - Categories SELECT permissions - Family categories should allow family members to read family categories","status":"skipped","title":"should allow family members to read family categories","failureMessages":[],"meta":{}},{"ancestorTitles":["RLS - Categories","SELECT permissions - Family categories"],"fullName":"RLS - Categories SELECT permissions - Family categories should allow viewers to read family categories","status":"skipped","title":"should allow viewers to read family categories","failureMessages":[],"meta":{}},{"ancestorTitles":["RLS - Categories","SELECT permissions - Family categories"],"fullName":"RLS - Categories SELECT permissions - Family categories should not allow access to categories from other families","status":"skipped","title":"should not allow access to categories from other families","failureMessages":[],"meta":{}},{"ancestorTitles":["RLS - Categories","INSERT permissions - Personal categories"],"fullName":"RLS - Categories INSERT permissions - Personal categories should allow users to create personal categories","status":"skipped","title":"should allow users to create personal categories","failureMessages":[],"meta":{}},{"ancestorTitles":["RLS - Categories","INSERT permissions - Personal categories"],"fullName":"RLS - Categories INSERT permissions - Personal categories should not allow users to create categories for other users","status":"skipped","title":"should not allow users to create categories for other users","failureMessages":[],"meta":{}},{"ancestorTitles":["RLS - Categories","INSERT permissions - Family categories"],"fullName":"RLS - Categories INSERT permissions - Family categories should allow family admins to create family categories","status":"skipped","title":"should allow family admins to create family categories","failureMessages":[],"meta":{}},{"ancestorTitles":["RLS - Categories","INSERT permissions - Family categories"],"fullName":"RLS - Categories INSERT permissions - Family categories should allow family members to create family categories","status":"skipped","title":"should allow family members to create family categories","failureMessages":[],"meta":{}},{"ancestorTitles":["RLS - Categories","INSERT permissions - Family categories"],"fullName":"RLS - Categories INSERT permissions - Family categories should block viewers from creating family categories","status":"skipped","title":"should block viewers from creating family categories","failureMessages":[],"meta":{}},{"ancestorTitles":["RLS - Categories","INSERT permissions - Family categories"],"fullName":"RLS - Categories INSERT permissions - Family categories should block viewers from creating personal categories","status":"skipped","title":"should block viewers from creating personal categories","failureMessages":[],"meta":{}},{"ancestorTitles":["RLS - Categories","UPDATE permissions"],"fullName":"RLS - Categories UPDATE permissions should allow category owner to update their categories","status":"skipped","title":"should allow category owner to update their categories","failureMessages":[],"meta":{}},{"ancestorTitles":["RLS - Categories","UPDATE permissions"],"fullName":"RLS - Categories UPDATE permissions should block viewers from updating categories","status":"skipped","title":"should block viewers from updating categories","failureMessages":[],"meta":{}},{"ancestorTitles":["RLS - Categories","UPDATE permissions"],"fullName":"RLS - Categories UPDATE permissions should not allow updating categories from other users","status":"skipped","title":"should not allow updating categories from other users","failureMessages":[],"meta":{}},{"ancestorTitles":["RLS - Categories","DELETE permissions"],"fullName":"RLS - Categories DELETE permissions should allow category owner to delete their categories","status":"skipped","title":"should allow category owner to delete their categories","failureMessages":[],"meta":{}},{"ancestorTitles":["RLS - Categories","DELETE permissions"],"fullName":"RLS - Categories DELETE permissions should block viewers from deleting categories","status":"skipped","title":"should block viewers from deleting categories","failureMessages":[],"meta":{}}],"startTime":1776467779389,"endTime":1776467779389,"status":"passed","message":"","name":"C:/Users/pmati/AppFamilyFinance/FamilyFlowFinance/tests/integration/rls/categories.spec.ts"},{"assertionResults":[{"ancestorTitles":["Simple Test"],"fullName":"Simple Test should pass a basic test","status":"passed","title":"should pass a basic test","duration":1.1965000000000146,"failureMessages":[],"meta":{}},{"ancestorTitles":["Simple Test"],"fullName":"Simple Test should have access to environment variables","status":"passed","title":"should have access to environment variables","duration":0.552799999999479,"failureMessages":[],"meta":{}}],"startTime":1776467791225,"endTime":1776467791226.5527,"status":"passed","message":"","name":"C:/Users/pmati/AppFamilyFinance/FamilyFlowFinance/tests/integration/rls/simple-test.spec.ts"},{"assertionResults":[{"ancestorTitles":["RLS - Transactions (Simplified)","SELECT permissions"],"fullName":"RLS - Transactions (Simplified) SELECT permissions should allow user to read their own transactions","status":"skipped","title":"should allow user to read their own transactions","failureMessages":[],"meta":{}},{"ancestorTitles":["RLS - Transactions (Simplified)","INSERT permissions"],"fullName":"RLS - Transactions (Simplified) INSERT permissions should allow user to create transactions","status":"skipped","title":"should allow user to create transactions","failureMessages":[],"meta":{}},{"ancestorTitles":["RLS - Transactions (Simplified)","UPDATE permissions"],"fullName":"RLS - Transactions (Simplified) UPDATE permissions should allow user to update their own transactions","status":"skipped","title":"should allow user to update their own transactions","failureMessages":[],"meta":{}},{"ancestorTitles":["RLS - Transactions (Simplified)","DELETE permissions"],"fullName":"RLS - Transactions (Simplified) DELETE permissions should allow user to delete their own transactions","status":"skipped","title":"should allow user to delete their own transactions","failureMessages":[],"meta":{}}],"startTime":1776467779389,"endTime":1776467779389,"status":"passed","message":"","name":"C:/Users/pmati/AppFamilyFinance/FamilyFlowFinance/tests/integration/rls/transactions-simple.spec.ts"},{"assertionResults":[{"ancestorTitles":["RLS - Transactions","SELECT permissions"],"fullName":"RLS - Transactions SELECT permissions should allow family members to read family transactions","status":"skipped","title":"should allow family members to read family transactions","failureMessages":[],"meta":{}},{"ancestorTitles":["RLS - Transactions","SELECT permissions"],"fullName":"RLS - Transactions SELECT permissions should allow viewers to read family transactions","status":"skipped","title":"should allow viewers to read family transactions","failureMessages":[],"meta":{}},{"ancestorTitles":["RLS - Transactions","SELECT permissions"],"fullName":"RLS - Transactions SELECT permissions should not allow access to transactions from other families","status":"skipped","title":"should not allow access to transactions from other families","failureMessages":[],"meta":{}},{"ancestorTitles":["RLS - Transactions","INSERT permissions"],"fullName":"RLS - Transactions INSERT permissions should allow family admins to create transactions","status":"skipped","title":"should allow family admins to create transactions","failureMessages":[],"meta":{}},{"ancestorTitles":["RLS - Transactions","INSERT permissions"],"fullName":"RLS - Transactions INSERT permissions should allow family members to create transactions","status":"skipped","title":"should allow family members to create transactions","failureMessages":[],"meta":{}},{"ancestorTitles":["RLS - Transactions","INSERT permissions"],"fullName":"RLS - Transactions INSERT permissions should block viewers from creating transactions","status":"skipped","title":"should block viewers from creating transactions","failureMessages":[],"meta":{}},{"ancestorTitles":["RLS - Transactions","UPDATE permissions"],"fullName":"RLS - Transactions UPDATE permissions should allow transaction owner to update their transactions","status":"skipped","title":"should allow transaction owner to update their transactions","failureMessages":[],"meta":{}},{"ancestorTitles":["RLS - Transactions","UPDATE permissions"],"fullName":"RLS - Transactions UPDATE permissions should block viewers from updating transactions","status":"skipped","title":"should block viewers from updating transactions","failureMessages":[],"meta":{}},{"ancestorTitles":["RLS - Transactions","DELETE permissions"],"fullName":"RLS - Transactions DELETE permissions should allow transaction owner to delete their transactions","status":"skipped","title":"should allow transaction owner to delete their transactions","failureMessages":[],"meta":{}},{"ancestorTitles":["RLS - Transactions","DELETE permissions"],"fullName":"RLS - Transactions DELETE permissions should block viewers from deleting transactions","status":"skipped","title":"should block viewers from deleting transactions","failureMessages":[],"meta":{}}],"startTime":1776467779389,"endTime":1776467779389,"status":"passed","message":"","name":"C:/Users/pmati/AppFamilyFinance/FamilyFlowFinance/tests/integration/rls/transactions.spec.ts"},{"assertionResults":[{"ancestorTitles":["Payroll Calculation Functions","Currency Conversion Functions"],"fullName":"Payroll Calculation Functions Currency Conversion Functions should convert euros to cents correctly","status":"passed","title":"should convert euros to cents correctly","duration":1.6329999999998108,"failureMessages":[],"meta":{}},{"ancestorTitles":["Payroll Calculation Functions","Currency Conversion Functions"],"fullName":"Payroll Calculation Functions Currency Conversion Functions should convert cents to euros correctly","status":"passed","title":"should convert cents to euros correctly","duration":0.33559999999988577,"failureMessages":[],"meta":{}},{"ancestorTitles":["Payroll Calculation Functions","Currency Conversion Functions"],"fullName":"Payroll Calculation Functions Currency Conversion Functions should format currency correctly","status":"skipped","title":"should format currency correctly","failureMessages":[],"meta":{}},{"ancestorTitles":["Payroll Calculation Functions","Time Calculation Functions"],"fullName":"Payroll Calculation Functions Time Calculation Functions should calculate hours between times correctly","status":"passed","title":"should calculate hours between times correctly","duration":0.5001999999999498,"failureMessages":[],"meta":{}},{"ancestorTitles":["Payroll Calculation Functions","Time Calculation Functions"],"fullName":"Payroll Calculation Functions Time Calculation Functions should validate time entries correctly","status":"passed","title":"should validate time entries correctly","duration":0.348700000000008,"failureMessages":[],"meta":{}},{"ancestorTitles":["Payroll Calculation Functions","Planned Schedule Functions"],"fullName":"Payroll Calculation Functions Planned Schedule Functions should build planned schedule correctly","status":"passed","title":"should build planned schedule correctly","duration":0.8506999999999607,"failureMessages":[],"meta":{}},{"ancestorTitles":["Payroll Calculation Functions","Time Segmentation Functions"],"fullName":"Payroll Calculation Functions Time Segmentation Functions should segment regular time entry correctly","status":"passed","title":"should segment regular time entry correctly","duration":0.6201000000000931,"failureMessages":[],"meta":{}},{"ancestorTitles":["Payroll Calculation Functions","Time Segmentation Functions"],"fullName":"Payroll Calculation Functions Time Segmentation Functions should segment overtime entry correctly","status":"passed","title":"should segment overtime entry correctly","duration":0.5107000000002699,"failureMessages":[],"meta":{}},{"ancestorTitles":["Payroll Calculation Functions","Payment Calculation Functions"],"fullName":"Payroll Calculation Functions Payment Calculation Functions should calculate hourly payment correctly","status":"passed","title":"should calculate hourly payment correctly","duration":0.2422999999998865,"failureMessages":[],"meta":{}},{"ancestorTitles":["Payroll Calculation Functions","Payment Calculation Functions"],"fullName":"Payroll Calculation Functions Payment Calculation Functions should calculate meal allowance correctly","status":"passed","title":"should calculate meal allowance correctly","duration":0.38000000000010914,"failureMessages":[],"meta":{}},{"ancestorTitles":["Payroll Calculation Functions","Payment Calculation Functions"],"fullName":"Payroll Calculation Functions Payment Calculation Functions should apply cash payment method exemption limit (€6.00/day)","status":"passed","title":"should apply cash payment method exemption limit (€6.00/day)","duration":0.18740000000025248,"failureMessages":[],"meta":{}},{"ancestorTitles":["Payroll Calculation Functions","Payment Calculation Functions"],"fullName":"Payroll Calculation Functions Payment Calculation Functions should apply card payment method exemption limit (€10.20/day)","status":"passed","title":"should apply card payment method exemption limit (€10.20/day)","duration":0.1876999999999498,"failureMessages":[],"meta":{}},{"ancestorTitles":["Payroll Calculation Functions","Payment Calculation Functions"],"fullName":"Payroll Calculation Functions Payment Calculation Functions should calculate duodecimos correctly (uniform distribution)","status":"passed","title":"should calculate duodecimos correctly (uniform distribution)","duration":0.15100000000029468,"failureMessages":[],"meta":{}},{"ancestorTitles":["Payroll Calculation Functions","Payment Calculation Functions"],"fullName":"Payroll Calculation Functions Payment Calculation Functions should calculate bonuses correctly","status":"passed","title":"should calculate bonuses correctly","duration":0.16069999999990614,"failureMessages":[],"meta":{}},{"ancestorTitles":["Payroll Calculation Functions","Payment Calculation Functions"],"fullName":"Payroll Calculation Functions Payment Calculation Functions should calculate vacation subsidy correctly","status":"passed","title":"should calculate vacation subsidy correctly","duration":0.15189999999984138,"failureMessages":[],"meta":{}},{"ancestorTitles":["Payroll Calculation Functions","Payment Calculation Functions"],"fullName":"Payroll Calculation Functions Payment Calculation Functions should calculate vacation subsidy proportionally","status":"passed","title":"should calculate vacation subsidy proportionally","duration":0.11879999999973734,"failureMessages":[],"meta":{}},{"ancestorTitles":["Payroll Calculation Functions","Payment Calculation Functions"],"fullName":"Payroll Calculation Functions Payment Calculation Functions should calculate christmas subsidy correctly","status":"passed","title":"should calculate christmas subsidy correctly","duration":0.14330000000018117,"failureMessages":[],"meta":{}},{"ancestorTitles":["Payroll Calculation Functions","Payment Calculation Functions"],"fullName":"Payroll Calculation Functions Payment Calculation Functions should calculate christmas subsidy proportionally","status":"passed","title":"should calculate christmas subsidy proportionally","duration":0.11509999999998399,"failureMessages":[],"meta":{}},{"ancestorTitles":["Payroll Calculation Functions","Payment Calculation Functions"],"fullName":"Payroll Calculation Functions Payment Calculation Functions should calculate meal subsidy correctly","status":"passed","title":"should calculate meal subsidy correctly","duration":0.17880000000013752,"failureMessages":[],"meta":{}},{"ancestorTitles":["Payroll Calculation Functions","Payment Calculation Functions"],"fullName":"Payroll Calculation Functions Payment Calculation Functions should return 0 for invalid subsidy type","status":"passed","title":"should return 0 for invalid subsidy type","duration":0.1514999999999418,"failureMessages":[],"meta":{}},{"ancestorTitles":["Payroll Calculation Functions","Payment Calculation Functions"],"fullName":"Payroll Calculation Functions Payment Calculation Functions should calculate mileage reimbursement correctly","status":"passed","title":"should calculate mileage reimbursement correctly","duration":0.17039999999997235,"failureMessages":[],"meta":{}},{"ancestorTitles":["Payroll Calculation Functions","Monthly Total Calculation"],"fullName":"Payroll Calculation Functions Monthly Total Calculation should calculate monthly total correctly","status":"passed","title":"should calculate monthly total correctly","duration":0.9583000000002357,"failureMessages":[],"meta":{}},{"ancestorTitles":["Payroll Calculation Functions","Edge Cases"],"fullName":"Payroll Calculation Functions Edge Cases should handle empty arrays gracefully","status":"passed","title":"should handle empty arrays gracefully","duration":0.28500000000030923,"failureMessages":[],"meta":{}},{"ancestorTitles":["Payroll Calculation Functions","Edge Cases"],"fullName":"Payroll Calculation Functions Edge Cases should handle calculations without overtime policy (all hours as regular)","status":"passed","title":"should handle calculations without overtime policy (all hours as regular)","duration":0.41740000000027067,"failureMessages":[],"meta":{}},{"ancestorTitles":["Payroll Calculation Functions","Edge Cases"],"fullName":"Payroll Calculation Functions Edge Cases should handle calculations without overtime policy (undefined)","status":"passed","title":"should handle calculations without overtime policy (undefined)","duration":0.29189999999971405,"failureMessages":[],"meta":{}},{"ancestorTitles":["Payroll Calculation Functions","Edge Cases"],"fullName":"Payroll Calculation Functions Edge Cases should handle overnight shifts correctly","status":"passed","title":"should handle overnight shifts correctly","duration":0.15650000000005093,"failureMessages":[],"meta":{}},{"ancestorTitles":["Payroll Calculation Functions","Edge Cases"],"fullName":"Payroll Calculation Functions Edge Cases should handle zero rates gracefully","status":"passed","title":"should handle zero rates gracefully","duration":0.25649999999996,"failureMessages":[],"meta":{}},{"ancestorTitles":["Payroll Calculation Functions","Edge Cases"],"fullName":"Payroll Calculation Functions Edge Cases should handle very large numbers correctly","status":"skipped","title":"should handle very large numbers correctly","failureMessages":[],"meta":{}},{"ancestorTitles":["Payroll Calculation Functions","Validation Functions"],"fullName":"Payroll Calculation Functions Validation Functions should validate correct time format","status":"passed","title":"should validate correct time format","duration":0.22899999999981446,"failureMessages":[],"meta":{}},{"ancestorTitles":["Payroll Calculation Functions","Validation Functions"],"fullName":"Payroll Calculation Functions Validation Functions should reject invalid time entries","status":"passed","title":"should reject invalid time entries","duration":0.4436999999998079,"failureMessages":[],"meta":{}},{"ancestorTitles":["Payroll Calculation Functions","Validation Functions"],"fullName":"Payroll Calculation Functions Validation Functions should reject negative break minutes","status":"passed","title":"should reject negative break minutes","duration":0.19950000000017099,"failureMessages":[],"meta":{}},{"ancestorTitles":["Payroll Calculation Functions","Validation Functions"],"fullName":"Payroll Calculation Functions Validation Functions should reject excessive break minutes","status":"passed","title":"should reject excessive break minutes","duration":0.18060000000014043,"failureMessages":[],"meta":{}}],"startTime":1776467782926,"endTime":1776467782938.1995,"status":"passed","message":"","name":"C:/Users/pmati/AppFamilyFinance/FamilyFlowFinance/src/features/payroll/lib/calc.test.ts"},{"assertionResults":[{"ancestorTitles":["PayrollSummaryPage"],"fullName":"PayrollSummaryPage should render payroll summary page","status":"passed","title":"should render payroll summary page","duration":92.6292999999996,"failureMessages":[],"meta":{}},{"ancestorTitles":["PayrollSummaryPage"],"fullName":"PayrollSummaryPage should handle loading state","status":"passed","title":"should handle loading state","duration":156.3733000000002,"failureMessages":[],"meta":{}},{"ancestorTitles":["PayrollSummaryPage"],"fullName":"PayrollSummaryPage should integrate with payroll services and display data","status":"passed","title":"should integrate with payroll services and display data","duration":49.78909999999996,"failureMessages":[],"meta":{}},{"ancestorTitles":["PayrollSummaryPage"],"fullName":"PayrollSummaryPage should handle error state","status":"passed","title":"should handle error state","duration":38.62079999999969,"failureMessages":[],"meta":{}}],"startTime":1776467786148,"endTime":1776467786485.6208,"status":"passed","message":"","name":"C:/Users/pmati/AppFamilyFinance/FamilyFlowFinance/src/features/payroll/pages/PayrollSummaryPage.test.tsx"},{"assertionResults":[{"ancestorTitles":["PayrollCalculationService","calculate"],"fullName":"PayrollCalculationService calculate deve calcular corretamente a folha de pagamento","status":"passed","title":"deve calcular corretamente a folha de pagamento","duration":4.962900000000445,"failureMessages":[],"meta":{}},{"ancestorTitles":["PayrollCalculationService","calculate"],"fullName":"PayrollCalculationService calculate deve retornar resultado do cache na segunda chamada","status":"passed","title":"deve retornar resultado do cache na segunda chamada","duration":1.5340000000014697,"failureMessages":[],"meta":{}},{"ancestorTitles":["PayrollCalculationService","calculate"],"fullName":"PayrollCalculationService calculate deve gerar hashes diferentes para entradas diferentes","status":"passed","title":"deve gerar hashes diferentes para entradas diferentes","duration":1.1322000000000116,"failureMessages":[],"meta":{}},{"ancestorTitles":["PayrollCalculationService","calculate"],"fullName":"PayrollCalculationService calculate deve lançar erro para parâmetros inválidos","status":"passed","title":"deve lançar erro para parâmetros inválidos","duration":1.1023999999997613,"failureMessages":[],"meta":{}},{"ancestorTitles":["PayrollCalculationService","calculate"],"fullName":"PayrollCalculationService calculate deve validar entradas de tempo inválidas","status":"passed","title":"deve validar entradas de tempo inválidas","duration":0.4375,"failureMessages":[],"meta":{}},{"ancestorTitles":["PayrollCalculationService","calculate"],"fullName":"PayrollCalculationService calculate deve calcular corretamente sem viagens de quilometragem","status":"passed","title":"deve calcular corretamente sem viagens de quilometragem","duration":0.6443999999992229,"failureMessages":[],"meta":{}},{"ancestorTitles":["PayrollCalculationService","calculate"],"fullName":"PayrollCalculationService calculate deve calcular reembolso de quilometragem corretamente","status":"passed","title":"deve calcular reembolso de quilometragem corretamente","duration":0.4985999999989872,"failureMessages":[],"meta":{}},{"ancestorTitles":["PayrollCalculationService","calculateBatch"],"fullName":"PayrollCalculationService calculateBatch deve calcular múltiplas entradas","status":"passed","title":"deve calcular múltiplas entradas","duration":0.8441000000002532,"failureMessages":[],"meta":{}},
[...]
],"fullName":"PayrollService Integration Tests Holidays should create a holiday","status":"passed","title":"should create a holiday","duration":0.8078999999997905,"failureMessages":[],"meta":{}},{"ancestorTitles":["PayrollService Integration Tests","Holidays"],"fullName":"PayrollService Integration Tests Holidays should get holidays for a date range","status":"passed","title":"should get holidays for a date range","duration":1.3494000000000597,"failureMessages":[],"meta":{}},{"ancestorTitles":["PayrollService Integration Tests","Time Entries"],"fullName":"PayrollService Integration Tests Time Entries should create a time entry","status":"passed","title":"should create a time entry","duration":1.5781999999999243,"failureMessages":[],"meta":{}},{"ancestorTitles":["PayrollService Integration Tests","Time Entries"],"fullName":"PayrollService Integration Tests Time Entries should get time entries for a date range","status":"passed","title":"should get time entries for a date range","duration":0.9765999999999622,"failureMessages":[],"meta":{}},{"ancestorTitles":["PayrollService Integration Tests","Time Entries"],"fullName":"PayrollService Integration Tests Time Entries should create time entry with correct parameters","status":"passed","title":"should create time entry with correct parameters","duration":0.8994999999999891,"failureMessages":[],"meta":{}},{"ancestorTitles":["PayrollService Integration Tests","Mileage Policies"],"fullName":"PayrollService Integration Tests Mileage Policies should create a mileage policy","status":"passed","title":"should create a mileage policy","duration":0.8158000000003085,"failureMessages":[],"meta":{}},{"ancestorTitles":["PayrollService Integration Tests","Mileage Policies"],"fullName":"PayrollService Integration Tests Mileage Policies should get all mileage policies","status":"passed","title":"should get all mileage policies","duration":0.7396999999996297,"failureMessages":[],"meta":{}},{"ancestorTitles":["PayrollService Integration Tests","Mileage Trips"],"fullName":"PayrollService Integration Tests Mileage Trips should create a mileage trip","status":"passed","title":"should create a mileage trip","duration":1.154399999999896,"failureMessages":[],"meta":{}},{"ancestorTitles":["PayrollService Integration Tests","Mileage Trips"],"fullName":"PayrollService Integration Tests Mileage Trips should get mileage trips for a date range","status":"passed","title":"should get mileage trips for a date range","duration":5.690500000000156,"failureMessages":[],"meta":{}},{"ancestorTitles":["PayrollService Integration Tests","Payroll Calculation"],"fullName":"PayrollService Integration Tests Payroll Calculation should recalculate payroll successfully","status":"passed","title":"should recalculate payroll successfully","duration":35.28929999999991,"failureMessages":[],"meta":{}},{"ancestorTitles":["PayrollService Integration Tests","Error Handling"],"fullName":"PayrollService Integration Tests Error Handling should handle database errors gracefully","status":"passed","title":"should handle database errors gracefully","duration":2.248700000000099,"failureMessages":[],"meta":{}},{"ancestorTitles":["PayrollService Integration Tests","Error Handling"],"fullName":"PayrollService Integration Tests Error Handling should handle network errors gracefully","status":"passed","title":"should handle network errors gracefully","duration":5.753299999999854,"failureMessages":[],"meta":{}},{"ancestorTitles":["PayrollService Integration Tests","Data Validation"],"fullName":"PayrollService Integration Tests Data Validation should validate contract data before creation","status":"passed","title":"should validate contract data before creation","duration":0.6802999999999884,"failureMessages":[],"meta":{}},{"ancestorTitles":["PayrollService Integration Tests","Data Validation"],"fullName":"PayrollService Integration Tests Data Validation should validate time entry data","status":"passed","title":"should validate time entry data","duration":0.3813000000000102,"failureMessages":[],"meta":{}},{"ancestorTitles":["PayrollService Integration Tests","Payroll Configuration Validation","getPayrollConfigurationStatus"],"fullName":"PayrollService Integration Tests Payroll Configuration Validation getPayrollConfigurationStatus should return valid configuration when all requirements are met","status":"passed","title":"should return valid configuration when all requirements are met","duration":3.587800000000243,"failureMessages":[],"meta":{}},{"ancestorTitles":["PayrollService Integration Tests","Payroll Configuration Validation","getPayrollConfigurationStatus"],"fullName":"PayrollService Integration Tests Payroll Configuration Validation getPayrollConfigurationStatus should return invalid configuration when contract is missing required fields","status":"passed","title":"should return invalid configuration when contract is missing required fields","duration":2.705500000000029,"failureMessages":[],"meta":{}},{"ancestorTitles":["PayrollService Integration Tests","Payroll Configuration Validation","getPayrollConfigurationStatus"],"fullName":"PayrollService Integration Tests Payroll Configuration Validation getPayrollConfigurationStatus should return valid configuration when overtime policy is missing (now optional)","status":"passed","title":"should return valid configuration when overtime policy is missing (now optional)","duration":2.0357999999996537,"failureMessages":[],"meta":{}},{"ancestorTitles":["PayrollService Integration Tests","Payroll Configuration Validation","getPayrollConfigurationStatus"],"fullName":"PayrollService Integration Tests Payroll Configuration Validation getPayrollConfigurationStatus should handle database errors gracefully","status":"passed","title":"should handle database errors gracefully","duration":1.779399999999896,"failureMessages":[],"meta":{}},{"ancestorTitles":["PayrollService Integration Tests","Payroll Configuration Validation","validatePayrollConfiguration"],"fullName":"PayrollService Integration Tests Payroll Configuration Validation validatePayrollConfiguration should return valid when configuration is complete","status":"passed","title":"should return valid when configuration is complete","duration":1.8170999999997548,"failureMessages":[],"meta":{}},{"ancestorTitles":["PayrollService Integration Tests","Payroll Configuration Validation","validatePayrollConfiguration"],"fullName":"PayrollService Integration Tests Payroll Configuration Validation validatePayrollConfiguration should return invalid when configuration is incomplete","status":"skipped","title":"should return invalid when configuration is incomplete","failureMessages":[],"meta":{}},{"ancestorTitles":["PayrollService Integration Tests","Payroll Configuration Validation","createPayrollPeriod with validation"],"fullName":"PayrollService Integration Tests Payroll Configuration Validation createPayrollPeriod with validation should create period when configuration is valid","status":"passed","title":"should create period when configuration is valid","duration":1.2894999999998618,"failureMessages":[],"meta":{}},{"ancestorTitles":["PayrollService Integration Tests","Payroll Configuration Validation","createPayrollPeriod with validation"],"fullName":"PayrollService Integration Tests Payroll Configuration Validation createPayrollPeriod with validation should throw error when configuration is invalid","status":"passed","title":"should throw error when configuration is invalid","duration":1.1285000000002583,"failureMessages":[],"meta":{}},{"ancestorTitles":["PayrollService Integration Tests","Payroll Configuration Validation","createPayrollPeriod with validation"],"fullName":"PayrollService Integration Tests Payroll Configuration Validation createPayrollPeriod with validation should throw error when period already exists","status":"passed","title":"should throw error when period already exists","duration":1.3407000000001972,"failureMessages":[],"meta":{}}],"startTime":1776467781767,"endTime":1776467781855.3408,"status":"passed","message":"","name":"C:/Users/pmati/AppFamilyFinance/FamilyFlowFinance/src/features/payroll/services/payrollService.test.ts"},{"assertionResults":[{"ancestorTitles":["FamilyAccounts - Cenários de Teste","Cenário 1: Família com Contas e Cartões"],"fullName":"FamilyAccounts - Cenários de Teste Cenário 1: Família com Contas e Cartões deve exibir contas bancárias e cartões de crédito corretamente","status":"passed","title":"deve exibir contas bancárias e cartões de crédito corretamente","duration":119.23379999999997,"failureMessages":[],"meta":{}},{"ancestorTitles":["FamilyAccounts - Cenários de Teste","Cenário 1: Família com Contas e Cartões"],"fullName":"FamilyAccounts - Cenários de Teste Cenário 1: Família com Contas e Cartões deve permitir criar nova conta quando user tem permissões","status":"passed","title":"deve permitir criar nova conta quando user tem permissões","duration":124.14619999999968,"failureMessages":[],"meta":{}},{"ancestorTitles":["FamilyAccounts - Cenários de Teste","Cenário 2: Família sem Contas"],"fullName":"FamilyAccounts - Cenários de Teste Cenário 2: Família sem Contas deve exibir estados vazios quando não há contas","status":"passed","title":"deve exibir estados vazios quando não há contas","duration":27.97539999999981,"failureMessages":[],"meta":{}},{"ancestorTitles":["FamilyAccounts - Cenários de Teste","Cenário 3: Família com Apenas Contas Bancárias"],"fullName":"FamilyAccounts - Cenários de Teste Cenário 3: Família com Apenas Contas Bancárias deve exibir apenas contas bancárias quando não há cartões","status":"passed","title":"deve exibir apenas contas bancárias quando não há cartões","duration":29.35609999999997,"failureMessages":[],"meta":{}},{"ancestorTitles":["FamilyAccounts - Cenários de Teste","Cenário 4: Família com Apenas Cartões de Crédito"],"fullName":"FamilyAccounts - Cenários de Teste Cenário 4: Família com Apenas Cartões de Crédito deve exibir apenas cartões quando não há contas bancárias","status":"passed","title":"deve exibir apenas cartões quando não há contas bancárias","duration":24.077400000000125,"failureMessages":[],"meta":{}},{"ancestorTitles":["FamilyAccounts - Cenários de Teste","Cenário 5: Utilizador sem Permissões"],"fullName":"FamilyAccounts - Cenários de Teste Cenário 5: Utilizador sem Permissões deve ocultar botões de ação quando user não tem permissões","status":"passed","title":"deve ocultar botões de ação quando user não tem permissões","duration":30.210499999999683,"failureMessages":[],"meta":{}},{"ancestorTitles":["FamilyAccounts - Cenários de Teste","Cenário 6: Estados de Loading"],"fullName":"FamilyAccounts - Cenários de Teste Cenário 6: Estados de Loading deve exibir loading state durante carregamento","status":"passed","title":"deve exibir loading state durante carregamento","duration":3.1271999999999025,"failureMessages":[],"meta":{}},{"ancestorTitles":["FamilyAccounts - Cenários de Teste","Cenário 7: Operações CRUD"],"fullName":"FamilyAccounts - Cenários de Teste Cenário 7: Operações CRUD deve permitir editar conta existente","status":"passed","title":"deve permitir editar conta existente","duration":60.92549999999983,"failureMessages":[],"meta":{}},{"ancestorTitles":["FamilyAccounts - Cenários de Teste","Cenário 7: Operações CRUD"],"fullName":"FamilyAccounts - Cenários de Teste Cenário 7: Operações CRUD deve permitir eliminar conta com confirmação","status":"passed","title":"deve permitir eliminar conta com confirmação","duration":50.33799999999974,"failureMessages":[],"meta":{}},{"ancestorTitles":["FamilyAccounts - Cenários de Teste","Cenário 8: Transferências"],"fullName":"FamilyAccounts - Cenários de Teste Cenário 8: Transferências deve permitir abrir modal de transferência","status":"passed","title":"deve permitir abrir modal de transferência","duration":59.64900000000034,"failureMessages":[],"meta":{}},{"ancestorTitles":["FamilyAccounts - Cenários de Teste","Cenário 9: Formatação de Valores"],"fullName":"FamilyAccounts - Cenários de Teste Cenário 9: Formatação de Valores deve formatar valores monetários corretamente","status":"skipped","title":"deve formatar valores monetários corretamente","failureMessages":[],"meta":{}},{"ancestorTitles":["FamilyAccounts - Cenários de Teste","Cenário 10: Responsividade"],"fullName":"FamilyAccounts - Cenários de Teste Cenário 10: Responsividade deve adaptar layout para diferentes tamanhos de ecrã","status":"passed","title":"deve adaptar layout para diferentes tamanhos de ecrã","duration":12.599900000000162,"failureMessages":[],"meta":{}}],"startTime":1776467782390,"endTime":1776467782933.5999,"status":"passed","message":"","name":"C:/Users/pmati/AppFamilyFinance/FamilyFlowFinance/src/features/family/__tests__/FamilyAccounts.test.tsx"},{"assertionResults":[{"ancestorTitles":["WeeklyTimesheetForm - Holiday Auto-fill"],"fullName":"WeeklyTimesheetForm - Holiday Auto-fill should load holidays when creating empty week entries","status":"passed","title":"should load holidays when creating empty week entries","duration":175.44530000000032,"failureMessages":[],"meta":{}},{"ancestorTitles":["WeeklyTimesheetForm - Holiday Auto-fill"],"fullName":"WeeklyTimesheetForm - Holiday Auto-fill should automatically create holiday entries when auto-save is triggered","status":"passed","title":"should automatically create holiday entries when auto-save is triggered","duration":105.76540000000023,"failureMessages":[],"meta":{}},{"ancestorTitles":["WeeklyTimesheetForm - Holiday Auto-fill"],"fullName":"WeeklyTimesheetForm - Holiday Auto-fill should show toast notification when holiday entries are auto-saved","status":"passed","title":"should show toast notification when holiday entries are auto-saved","duration":1086.0507000000007,"failureMessages":[],"meta":{}}],"startTime":1776467783459,"endTime":1776467784827.0508,"status":"passed","message":"","name":"C:/Users/pmati/AppFamilyFinance/FamilyFlowFinance/src/features/payroll/components/__tests__/WeeklyTimesheetForm.holiday.test.tsx"},{"assertionResults":[{"ancestorTitles":["OvertimeExtractionService","Constructor validation"],"fullName":"OvertimeExtractionService Constructor validation should throw error if hourly rate is zero or negative","status":"passed","title":"should throw error if hourly rate is zero or negative","duration":2.572400000000016,"failureMessages":[],"meta":{}},{"ancestorTitles":["OvertimeExtractionService","Constructor validation"],"fullName":"OvertimeExtractionService Constructor validation should throw error if policy threshold is zero or negative","status":"passed","title":"should throw error if policy threshold is zero or negative","duration":0.3860999999997148,"failureMessages":[],"meta":{}},{"ancestorTitles":["OvertimeExtractionService","extractOvertimeFromTimesheet"],"fullName":"OvertimeExtractionService extractOvertimeFromTimesheet should return zero overtime for entries within threshold","status":"passed","title":"should return zero overtime for entries within threshold","duration":1.8800000000001091,"failureMessages":[],"meta":{}},{"ancestorTitles":["OvertimeExtractionService","extractOvertimeFromTimesheet"],"fullName":"OvertimeExtractionService extractOvertimeFromTimesheet should calculate overtime for entries exceeding threshold","status":"passed","title":"should calculate overtime for entries exceeding threshold","duration":0.9282999999995809,"failureMessages":[],"meta":{}},{"ancestorTitles":["OvertimeExtractionService","extractOvertimeFromTimesheet"],"fullName":"OvertimeExtractionService extractOvertimeFromTimesheet should apply holiday multiplier correctly","status":"passed","title":"should apply holiday multiplier correctly","duration":0.4179999999996653,"failureMessages":[],"meta":{}},{"ancestorTitles":["OvertimeExtractionService","extractOvertimeFromTimesheet"],"fullName":"OvertimeExtractionService extractOvertimeFromTimesheet should apply weekend multiplier correctly","status":"passed","title":"should apply weekend multiplier correctly","duration":0.36679999999978463,"failureMessages":[],"meta":{}},{"ancestorTitles":["OvertimeExtractionService","extractOvertimeFromTimesheet"],"fullName":"OvertimeExtractionService extractOvertimeFromTimesheet should apply night multiplier correctly","status":"passed","title":"should apply night multiplier correctly","duration":0.30639999999948486,"failureMessages":[],"meta":{}},{"ancestorTitles":["OvertimeExtractionService","extractOvertimeFromTimesheet"],"fullName":"OvertimeExtractionService extractOvertimeFromTimesheet should respect daily limit","status":"passed","title":"should respect daily limit","duration":0.32229999999981374,"failureMessages":[],"meta":{}},{"ancestorTitles":["OvertimeExtractionService","extractOvertimeFromTimesheet"],"fullName":"OvertimeExtractionService extractOvertimeFromTimesheet should handle sick days correctly","status":"passed","title":"should handle sick days correctly","duration":0.3219999999992069,"failureMessages":[],"meta":{}},{"ancestorTitles":["OvertimeExtractionService","extractOvertimeFromTimesheet"],"fullName":"OvertimeExtractionService extractOvertimeFromTimesheet should handle vacation days correctly","status":"passed","title":"should handle vacation days correctly","duration":0.24499999999989086,"failureMessages":[],"meta":{}},{"ancestorTitles":["OvertimeExtractionService","extractOvertimeFromTimesheet"],"fullName":"OvertimeExtractionService extractOvertimeFromTimesheet should calculate weekly overtime correctly","status":"passed","title":"should calculate weekly overtime correctly","duration":1.927400000000489,"failureMessages":[],"meta":{}},{"ancestorTitles":["OvertimeExtractionService","extractOvertimeFromTimesheet"],"fullName":"OvertimeExtractionService extractOvertimeFromTimesheet should handle empty timesheet entries","status":"passed","title":"should handle empty timesheet entries","duration":0.35209999999915453,"failureMessages":[],"meta":{}},{"ancestorTitles":["OvertimeExtractionService","extractOvertimeFromTimesheet"],"fullName":"OvertimeExtractionService extractOvertimeFromTimesheet should generate warnings for annual limit exceeded","status":"passed","title":"should generate warnings for annual limit exceeded","duration":6.049799999999777,"failureMessages":[],"meta":{}},{"ancestorTitles":["OvertimeExtractionService","extractOvertimeFromTimesheet"],"fullName":"OvertimeExtractionService extractOvertimeFromTimesheet should handle cross-day shifts correctly","status":"passed","title":"should handle cross-day shifts correctly","duration":0.27479999999923166,"failureMessages":[],"meta":{}},{"ancestorTitles":["OvertimeExtractionService","extractOvertimeFromTimesheet"],"fullName":"OvertimeExtractionService extractOvertimeFromTimesheet should round overtime hours according to policy","status":"passed","title":"should round overtime hours according to policy","duration":0.2481999999999971,"failureMessages":[],"meta":{}},{"ancestorTitles":["OvertimeExtractionService","Edge cases"],"fullName":"OvertimeExtractionService Edge cases should handle invalid time formats gracefully","status":"passed","title":"should handle invalid time formats gracefully","duration":0.28220000000055734,"failureMessages":[],"meta":{}},{"ancestorTitles":["OvertimeExtractionService","Edge cases"],"fullName":"OvertimeExtractionService Edge cases should handle negative break minutes","status":"passed","title":"should handle negative break minutes","duration":0.18109999999978754,"failureMessages":[],"meta":{}},{"ancestorTitles":["OvertimeExtractionService","Edge cases"],"fullName":"OvertimeExtractionService Edge cases should handle end time before start time","status":"passed","title":"should handle end time before start time","duration":0.30090000000018335,"failureMessages":[],"meta":{}}],"startTime":1776467787144,"endTime":1776467787161.3008,"status":"passed","message":"","name":"C:/Users/pmati/AppFamilyFinance/FamilyFlowFinance/src/features/payroll/services/__tests__/overtimeExtraction.service.test.ts"}]}