{"numTotalTestSuites":2,"numPassedTestSuites":0,"numFailedTestSuites":2,"numPendingTestSuites":0,"numTotalTests":3,"numPassedTests":0,"numFailedTests":3,"numPendingTests":0,"numTodoTests":0,"snapshot":{"added":0,"failure":false,"filesAdded":0,"filesRemoved":0,"filesRemovedList":[],"filesUnmatched":0,"filesUpdated":0,"matched":0,"total":0,"unchecked":0,"uncheckedKeysByFile":[],"unmatched":0,"updated":0,"didUpdate":false},"startTime":1758332701473,"success":false,"testResults":[{"assertionResults":[{"ancestorTitles":["Goal Completion Logic Integration Tests"],"fullName":"Goal Completion Logic Integration Tests should create Objetivos account when goal is created","status":"failed","title":"should create Objetivos account when goal is created","duration":7.7210999999999785,"failureMessages":["TypeError: Cannot read properties of undefined (reading 'ok')\n    at _handleRequest (C:\\Users\\pmati\\AppFamilyFinance\\FamilyFlowFinance\\node_modules\\@supabase\\auth-js\\src\\lib\\fetch.ts:194:15)\n    at _request (C:\\Users\\pmati\\AppFamilyFinance\\FamilyFlowFinance\\node_modules\\@supabase\\auth-js\\src\\lib\\fetch.ts:157:16)\n    at SupabaseAuthClient.signInWithPassword (C:\\Users\\pmati\\AppFamilyFinance\\FamilyFlowFinance\\node_modules\\@supabase\\auth-js\\src\\GoTrueClient.ts:573:15)\n    at C:\\Users\\pmati\\AppFamilyFinance\\FamilyFlowFinance\\tests\\integration\\goal-completion-logic.spec.ts:18:50"],"meta":{}},{"ancestorTitles":["Goal Completion Logic Integration Tests"],"fullName":"Goal Completion Logic Integration Tests should handle goal completion when progress < 100%","status":"failed","title":"should handle goal completion when progress < 100%","duration":0.7217000000000553,"failureMessages":["TypeError: Cannot read properties of undefined (reading 'ok')\n    at _handleRequest (C:\\Users\\pmati\\AppFamilyFinance\\FamilyFlowFinance\\node_modules\\@supabase\\auth-js\\src\\lib\\fetch.ts:194:15)\n    at _request (C:\\Users\\pmati\\AppFamilyFinance\\FamilyFlowFinance\\node_modules\\@supabase\\auth-js\\src\\lib\\fetch.ts:157:16)\n    at SupabaseAuthClient.signInWithPassword (C:\\Users\\pmati\\AppFamilyFinance\\FamilyFlowFinance\\node_modules\\@supabase\\auth-js\\src\\GoTrueClient.ts:573:15)\n    at C:\\Users\\pmati\\AppFamilyFinance\\FamilyFlowFinance\\tests\\integration\\goal-completion-logic.spec.ts:18:50"],"meta":{}},{"ancestorTitles":["Goal Completion Logic Integration Tests"],"fullName":"Goal Completion Logic Integration Tests should handle basic goal operations","status":"failed","title":"should handle basic goal operations","duration":1.0530999999998585,"failureMessages":["TypeError: Cannot read properties of undefined (reading 'ok')\n    at _handleRequest (C:\\Users\\pmati\\AppFamilyFinance\\FamilyFlowFinance\\node_modules\\@supabase\\auth-js\\src\\lib\\fetch.ts:194:15)\n    at _request (C:\\Users\\pmati\\AppFamilyFinance\\FamilyFlowFinance\\node_modules\\@supabase\\auth-js\\src\\lib\\fetch.ts:157:16)\n    at SupabaseAuthClient.signInWithPassword (C:\\Users\\pmati\\AppFamilyFinance\\FamilyFlowFinance\\node_modules\\@supabase\\auth-js\\src\\GoTrueClient.ts:573:15)\n    at C:\\Users\\pmati\\AppFamilyFinance\\FamilyFlowFinance\\tests\\integration\\goal-completion-logic.spec.ts:18:50"],"meta":{}}],"startTime":1758332702520,"endTime":1758332702530.053,"status":"failed","message":"","name":"C:/Users/pmati/AppFamilyFinance/FamilyFlowFinance/tests/integration/goal-completion-logic.spec.ts"}]}