{"numTotalTestSuites":197,"numPassedTestSuites":197,"numFailedTestSuites":0,"numPendingTestSuites":0,"numTotalTests":358,"numPassedTests":309,"numFailedTests":0,"numPendingTests":49,"numTodoTests":0,"snapshot":{"added":0,"failure":false,"filesAdded":0,"filesRemoved":0,"filesRemovedList":[],"filesUnmatched":0,"filesUpdated":0,"matched":0,"total":0,"unchecked":0,"uncheckedKeysByFile":[],"unmatched":0,"updated":0,"didUpdate":false},"startTime":1776467850914,"success":true,"testResults":[{"assertionResults":[{"ancestorTitles":["Debug Environment Loading"],"fullName":"Debug Environment Loading should load environment variables from .env.local","status":"passed","title":"should load environment variables from .env.local","duration":1.220499999999447,"failureMessages":[],"meta":{}},{"ancestorTitles":["Debug Environment Loading"],"fullName":"Debug Environment Loading should check current working directory","status":"passed","title":"should check current working directory","duration":0.3710000000010041,"failureMessages":[],"meta":{}}],"startTime":1776467860725,"endTime":1776467860727.371,"status":"passed","message":"","name":"C:/Users/pmati/AppFamilyFinance/FamilyFlowFinance/tests/debug-env-loading.test.ts"},{"assertionResults":[{"ancestorTitles":["Environment Variables Debug"],"fullName":"Environment Variables Debug should load environment variables from .env.local","status":"passed","title":"should load environment variables from .env.local","duration":1.3073000000003958,"failureMessages":[],"meta":{}}],"startTime":1776467860087,"endTime":1776467860088.3074,"status":"passed","message":"","name":"C:/Users/pmati/AppFamilyFinance/FamilyFlowFinance/tests/debug-env.test.ts"},{"assertionResults":[{"ancestorTitles":["Debug Network Connectivity"],"fullName":"Debug Network Connectivity should test basic HTTP connectivity to Supabase","status":"passed","title":"should test basic HTTP connectivity to Supabase","duration":3.7357000000010885,"failureMessages":[],"meta":{}},{"ancestorTitles":["Debug Network Connectivity"],"fullName":"Debug Network Connectivity should test Supabase REST API endpoint","status":"passed","title":"should test Supabase REST API endpoint","duration":0.9606000000003405,"failureMessages":[],"meta":{}},{"ancestorTitles":["Debug Network Connectivity"],"fullName":"Debug Network Connectivity should test Supabase Auth endpoint","status":"passed","title":"should test Supabase Auth endpoint","duration":0.6134999999994761,"failureMessages":[],"meta":{}},{"ancestorTitles":["Debug Network Connectivity"],"fullName":"Debug Network Connectivity should test simple client initialization","status":"passed","title":"should test simple client initialization","duration":0.3374999999996362,"failureMessages":[],"meta":{}}],"startTime":1776467859758,"endTime":1776467859763.3374,"status":"passed","message":"","name":"C:/Users/pmati/AppFamilyFinance/FamilyFlowFinance/tests/debug-network.test.ts"},{"assertionResults":[{"ancestorTitles":["Simple Supabase Connection Test"],"fullName":"Simple Supabase Connection Test should connect and get basic info","status":"passed","title":"should connect and get basic info","duration":9.732700000000477,"failureMessages":[],"meta":{}},{"ancestorTitles":["Simple Supabase Connection Test"],"fullName":"Simple Supabase Connection Test should have service role client configured","status":"passed","title":"should have service role client configured","duration":1.495199999999386,"failureMessages":[],"meta":{}}],"startTime":1776467858675,"endTime":1776467858685.495,"status":"passed","message":"","name":"C:/Users/pmati/AppFamilyFinance/FamilyFlowFinance/tests/debug-simple-connection.test.ts"},{"assertionResults":[{"ancestorTitles":["Supabase Connection Debug"],"fullName":"Supabase Connection Debug should connect to Supabase successfully","status":"passed","title":"should connect to Supabase successfully","duration":10.937799999999697,"failureMessages":[],"meta":{}}],"startTime":1776467858745,"endTime":1776467858755.9377,"status":"passed","message":"","name":"C:/Users/pmati/AppFamilyFinance/FamilyFlowFinance/tests/debug-supabase.test.ts"},{"assertionResults":[{"ancestorTitles":["recurrents utils"],"fullName":"recurrents utils advanceNextRunDate month handles month-end safely","status":"passed","title":"advanceNextRunDate month handles month-end safely","duration":1.2008000000005268,"failureMessages":[],"meta":{}},{"ancestorTitles":["recurrents utils"],"fullName":"recurrents utils advanceNextRunDate week/day/year","status":"passed","title":"advanceNextRunDate week/day/year","duration":0.4290000000000873,"failureMessages":[],"meta":{}},{"ancestorTitles":["recurrents utils"],"fullName":"recurrents utils makePeriodKey formats correctly","status":"passed","title":"makePeriodKey formats correctly","duration":0.30529999999998836,"failureMessages":[],"meta":{}}],"startTime":1776467860615,"endTime":1776467860616.429,"status":"passed","message":"","name":"C:/Users/pmati/AppFamilyFinance/FamilyFlowFinance/src/lib/recurrents.test.ts"},{"assertionResults":[{"ancestorTitles":["Goal Completion Logic - Integration Tests"],"fullName":"Goal Completion Logic - Integration Tests should complete full goal lifecycle workflow","status":"skipped","title":"should complete full goal lifecycle workflow","failureMessages":[],"meta":{}}],"startTime":1776467850914,"endTime":1776467850914,"status":"passed","message":"","name":"C:/Users/pmati/AppFamilyFinance/FamilyFlowFinance/tests/integration/goal-completion-logic.spec.ts"},{"assertionResults":[{"ancestorTitles":["Supabase Connection Test"],"fullName":"Supabase Connection Test should have valid Supabase configuration","status":"passed","title":"should have valid Supabase configuration","duration":1.3483999999989464,"failureMessages":[],"meta":{}},{"ancestorTitles":["Supabase Connection Test"],"fullName":"Supabase Connection Test should be able to make a simple query","status":"passed","title":"should be able to make a simple query","duration":5.145500000000538,"failureMessages":[],"meta":{}}],"startTime":1776467860082,"endTime":1776467860089.1455,"status":"passed","message":"","name":"C:/Users/pmati/AppFamilyFinance/FamilyFlowFinance/tests/integration/supabase-connection.spec.ts"},{"assertionResults":[{"ancestorTitles":["budgetSchema","validação básica"],"fullName":"budgetSchema validação básica deve validar um orçamento válido","status":"passed","title":"deve validar um orçamento válido","duration":2.0491000000001804,"failureMessages":[],"meta":{}},{"ancestorTitles":["budgetSchema","validação básica"],"fullName":"budgetSchema validação básica deve validar um orçamento com valor inteiro","status":"passed","title":"deve validar um orçamento com valor inteiro","duration":0.44869999999900756,"failureMessages":[],"meta":{}},{"ancestorTitles":["budgetSchema","validação de categoria_id"],"fullName":"budgetSchema validação de categoria_id deve rejeitar categoria_id vazio","status":"passed","title":"deve rejeitar categoria_id vazio","duration":0.7651000000005297,"failureMessages":[],"meta":{}},{"ancestorTitles":["budgetSchema","validação de categoria_id"],"fullName":"budgetSchema validação de categoria_id deve rejeitar categoria_id ausente","status":"passed","title":"deve rejeitar categoria_id ausente","duration":0.45529999999962456,"failureMessages":[],"meta":{}},{"ancestorTitles":["budgetSchema","validação de valor"],"fullName":"budgetSchema validação de valor deve rejeitar valor negativo","status":"passed","title":"deve rejeitar valor negativo","duration":0.388200000001234,"failureMessages":[],"meta":{}},{"ancestorTitles":["budgetSchema","validação de valor"],"fullName":"budgetSchema validação de valor deve rejeitar valor zero","status":"passed","title":"deve rejeitar valor zero","duration":0.413299999998344,"failureMessages":[],"meta":{}},{"ancestorTitles":["budgetSchema","validação de valor"],"fullName":"budgetSchema validação de valor deve aceitar valores decimais","status":"passed","title":"deve aceitar valores decimais","duration":0.2092000000011467,"failureMessages":[],"meta":{}},{"ancestorTitles":["budgetSchema","validação de conversão de tipos"],"fullName":"budgetSchema validação de conversão de tipos deve converter string numérica para número","status":"passed","title":"deve converter string numérica para número","duration":0.2548000000006141,"failureMessages":[],"meta":{}},{"ancestorTitles":["budgetSchema","validação de conversão de tipos"],"fullName":"budgetSchema validação de conversão de tipos deve rejeitar valor não numérico","status":"passed","title":"deve rejeitar valor não numérico","duration":0.36850000000049477,"failureMessages":[],"meta":{}},{"ancestorTitles":["budgetSchema","validação de conversão de tipos"],"fullName":"budgetSchema validação de conversão de tipos deve aceitar valor como string numérica válida","status":"passed","title":"deve aceitar valor como string numérica válida","duration":0.2110000000011496,"failureMessages":[],"meta":{}},{"ancestorTitles":["budgetSchema","validação de mês"],"fullName":"budgetSchema validação de mês deve rejeitar mês ausente","status":"passed","title":"deve rejeitar mês ausente","duration":0.17259999999987485,"failureMessages":[],"meta":{}},{"ancestorTitles":["budgetSchema","validação de mês"],"fullName":"budgetSchema validação de mês deve rejeitar mês vazio","status":"passed","title":"deve rejeitar mês vazio","duration":0.23979999999937718,"failureMessages":[],"meta":{}},{"ancestorTitles":["budgetSchema","validação de mês"],"fullName":"budgetSchema validação de mês deve aceitar formato de mês válido (YYYY-MM)","status":"passed","title":"deve aceitar formato de mês válido (YYYY-MM)","duration":0.15419999999903666,"failureMessages":[],"meta":{}},{"ancestorTitles":["budgetSchema","validação de mês"],"fullName":"budgetSchema validação de mês deve rejeitar formato de mês inválido","status":"passed","title":"deve rejeitar formato de mês inválido","duration":0.30419999999867287,"failureMessages":[],"meta":{}},{"ancestorTitles":["budgetSchema","casos extremos"],"fullName":"budgetSchema casos extremos deve rejeitar objeto vazio","status":"passed","title":"deve rejeitar objeto vazio","duration":0.27070000000094296,"failureMessages":[],"meta":{}},{"ancestorTitles":["budgetSchema","casos extremos"],"fullName":"budgetSchema casos extremos deve rejeitar null","status":"passed","title":"deve rejeitar null","duration":0.19729999999981374,"failureMessages":[],"meta":{}},{"ancestorTitles":["budgetSchema","casos extremos"],"fullName":"budgetSchema casos extremos deve rejeitar undefined","status":"passed","title":"deve rejeitar undefined","duration":0.1595999999990454,"failureMessages":[],"meta":{}},{"ancestorTitles":["budgetSchema","casos extremos"],"fullName":"budgetSchema casos extremos deve rejeitar campos extras não definidos","status":"passed","title":"deve rejeitar campos extras não definidos","duration":0.1973999999991065,"failureMessages":[],"meta":{}}],"startTime":1776467859077,"endTime":1776467859085.1975,"status":"passed","message":"","name":"C:/Users/pmati/AppFamilyFinance/FamilyFlowFinance/src/validation/__tests__/budgetSchema.test.ts"},{"assertionResults":[{"ancestorTitles":["signupSchema","validação básica"],"fullName":"signupSchema validação básica deve validar um signup válido","status":"passed","title":"deve validar um signup válido","duration":2.2825999999995474,"failureMessages":[],"meta":{}},{"ancestorTitles":["signupSchema","validação de nome"],"fullName":"signupSchema validação de nome deve aceitar nome válido","status":"passed","title":"deve aceitar nome válido","duration":0.8362999999999374,"failureMessages":[],"meta":{}},{"ancestorTitles":["signupSchema","validação de nome"],"fullName":"signupSchema validação de nome deve rejeitar nome vazio","status":"passed","title":"deve rejeitar nome vazio","duration":0.7957999999998719,"failureMessages":[],"meta":{}},{"ancestorTitles":["signupSchema","validação de nome"],"fullName":"signupSchema validação de nome deve rejeitar nome muito curto","status":"passed","title":"deve rejeitar nome muito curto","duration":0.32480000000032305,"failureMessages":[],"meta":{}},{"ancestorTitles":["signupSchema","validação de nome"],"fullName":"signupSchema validação de nome deve rejeitar nome muito longo","status":"passed","title":"deve rejeitar nome muito longo","duration":0.29690000000027794,"failureMessages":[],"meta":{}},{"ancestorTitles":["signupSchema","validação de nome"],"fullName":"signupSchema validação de nome deve aceitar nome no limite máximo","status":"passed","title":"deve aceitar nome no limite máximo","duration":0.3023000000002867,"failureMessages":[],"meta":{}},{"ancestorTitles":["signupSchema","validação de nome"],"fullName":"signupSchema validação de nome deve rejeitar nome ausente","status":"passed","title":"deve rejeitar nome ausente","duration":0.4164999999993597,"failureMessages":[],"meta":{}},{"ancestorTitles":["signupSchema","validação de nome"],"fullName":"signupSchema validação de nome deve remover espaços extras do nome","status":"passed","title":"deve remover espaços extras do nome","duration":0.2132000000001426,"failureMessages":[],"meta":{}},{"ancestorTitles":["signupSchema","validação de email"],"fullName":"signupSchema validação de email deve aceitar emails válidos","status":"passed","title":"deve aceitar emails válidos","duration":0.3769000000002052,"failureMessages":[],"meta":{}},{"ancestorTitles":["signupSchema","validação de email"],"fullName":"signupSchema validação de email deve rejeitar emails inválidos","status":"passed","title":"deve rejeitar emails inválidos","duration":0.5295999999998457,"failureMessages":[],"meta":{}},{"ancestorTitles":["signupSchema","validação de email"],"fullName":"signupSchema validação de email deve rejeitar email vazio","status":"passed","title":"deve rejeitar email vazio","duration":0.2716000000000349,"failureMessages":[],"meta":{}},{"ancestorTitles":["signupSchema","validação de email"],"fullName":"signupSchema validação de email deve rejeitar email ausente","status":"passed","title":"deve rejeitar email ausente","duration":0.17620000000079017,"failureMessages":[],"meta":{}},{"ancestorTitles":["signupSchema","validação de email"],"fullName":"signupSchema validação de email deve aceitar email em maiúsculas","status":"passed","title":"deve aceitar email em maiúsculas","duration":0.16489999999976135,"failureMessages":[],"meta":{}},{"ancestorTitles":["signupSchema","validação de email"],"fullName":"signupSchema validação de email deve rejeitar email com espaços","status":"passed","title":"deve rejeitar email com espaços","duration":0.2102999999997337,"failureMessages":[],"meta":{}},{"ancestorTitles":["signupSchema","validação de senha"],"fullName":"signupSchema validação de senha deve aceitar senhas válidas","status":"passed","title":"deve aceitar senhas válidas","duration":0.24920000000020082,"failureMessages":[],"meta":{}},{"ancestorTitles":["signupSchema","validação de senha"],"fullName":"signupSchema validação de senha deve rejeitar senha muito curta","status":"passed","title":"deve rejeitar senha muito curta","duration":0.2948000000005777,"failureMessages":[],"meta":{}},{"ancestorTitles":["signupSchema","validação de senha"],"fullName":"signupSchema validação de senha deve rejeitar senha sem letra","status":"passed","title":"deve rejeitar senha sem letra","duration":0.37300000000050204,"failureMessages":[],"meta":{}},{"ancestorTitles":["signupSchema","validação de senha"],"fullName":"signupSchema validação de senha deve aceitar senha com letras maiúsculas","status":"passed","title":"deve aceitar senha com letras maiúsculas","duration":0.20860000000084256,"failureMessages":[],"meta":{}},{"ancestorTitles":["signupSchema","validação de senha"],"fullName":"signupSchema validação de senha deve aceitar senha com letras minúsculas","status":"passed","title":"deve aceitar senha com letras minúsculas","duration":0.1890000000003056,"failureMessages":[],"meta":{}},{"ancestorTitles":["signupSchema","validação de senha"],"fullName":"signupSchema validação de senha deve aceitar senha com números e letras","status":"passed","title":"deve aceitar senha com números e letras","duration":0.19160000000010768,"failureMessages":[],"meta":{}},{"ancestorTitles":["signupSchema","validação de senha"],"fullName":"signupSchema validação de senha deve rejeitar senha vazia","status":"passed","title":"deve rejeitar senha vazia","duration":0.17699999999967986,"failureMessages":[],"meta":{}},{"ancestorTitles":["signupSchema","validação de senha"],"fullName":"signupSchema validação de senha deve rejeitar senha ausente","status":"passed","title":"deve rejeitar senha ausente","duration":0.18580000000019936,"failureMessages":[],"meta":{}},{"ancestorTitles":["signupSchema","validação de senha"],"fullName":"signupSchema validação de senha deve aceitar senha no limite mínimo","status":"passed","title":"deve aceitar senha no limite mínimo","duration":0.14170000000012806,"failureMessages":[],"meta":{}},{"ancestorTitles":["signupSchema","casos extremos"],"fullName":"signupSchema casos extremos deve rejeitar objeto vazio","status":"passed","title":"deve rejeitar objeto vazio","duration":0.1477999999997337,"failureMessages":[],"meta":{}},{"ancestorTitles":["signupSchema","casos extremos"],"fullName":"signupSchema casos extremos deve rejeitar null","status":"passed","title":"deve rejeitar null","duration":0.13540000000011787,"failureMessages":[],"meta":{}},{"ancestorTitles":["signupSchema","casos extremos"],"fullName":"signupSchema casos extremos deve rejeitar undefined","status":"passed","title":"deve rejeitar undefined","duration":0.126100000000406,"failureMessages":[],"meta":{}},{"ancestorTitles":["signupSchema","casos extremos"],"fullName":"signupSchema casos extremos deve rejeitar campos extras não definidos","status":"passed","title":"deve rejeitar campos extras não definidos","duration":0.20450000000073487,"failureMessages":[],"meta":{}},{"ancestorTitles":["signupSchema","validação de tipos de dados"],"fullName":"signupSchema validação de tipos de dados deve rejeitar tipos incorretos","status":"passed","title":"deve rejeitar tipos incorretos","duration":0.3275999999996202,"failureMessages":[],"meta":{}},{"ancestorTitles":["signupSchema","validação de integridade"],"fullName":"signupSchema validação de integridade deve validar signup completo com todos os campos obrigatórios","status":"passed","title":"deve validar signup completo com todos os campos obrigatórios","duration":0.20469999999932043,"failureMessages":[],"meta":{}},{"ancestorTitles":["signupSchema","validação de integridade"],"fullName":"signupSchema validação de integridade deve aplicar transformações corretas","status":"passed","title":"deve aplicar transformações corretas","duration":0.1845999999995911,"failureMessages":[],"meta":{}},{"ancestorTitles":["signupSchema","validação de caracteres especiais em senha"],"fullName":"signupSchema validação de caracteres especiais em senha deve aceitar diferentes tipos de caracteres especiais","status":"passed","title":"deve aceitar diferentes tipos de caracteres especiais","duration":0.765400000000227,"failureMessages":[],"meta":{}}],"startTime":1776467857130,"endTime":1776467857142.7654,"status":"passed","message":"","name":"C:/Users/pmati/AppFamilyFinance/FamilyFlowFinance/src/validation/__tests__/signupSchema.test.ts"},{"assertionResults":[{"ancestorTitles":["transactionSchema","validação básica"],"fullName":"transactionSchema validação básica deve validar uma transação de receita válida","status":"passed","title":"deve validar uma transação de receita válida","duration":2.36830000000009,"failureMessages":[],"meta":{}},{"ancestorTitles":["transactionSchema","validação básica"],"fullName":"transactionSchema validação básica deve validar uma transação de despesa válida","status":"passed","title":"deve validar uma transação de despesa válida","duration":0.4257999999999811,"failureMessages":[],"meta":{}},{"ancestorTitles":["transactionSchema","validação de account_id"],"fullName":"transactionSchema validação de account_id deve rejeitar account_id vazio","status":"passed","title":"deve rejeitar account_id vazio","duration":0.667699999999968,"failureMessages":[],"meta":{}},{"ancestorTitles":["transactionSchema","validação de account_id"],"fullName":"transactionSchema validação de account_id deve rejeitar account_id ausente","status":"passed","title":"deve rejeitar account_id ausente","duration":0.4774999999999636,"failureMessages":[],"meta":{}},{"ancestorTitles":["transactionSchema","validação de category_id"],"fullName":"transactionSchema validação de category_id deve rejeitar category_id vazio","status":"passed","title":"deve rejeitar category_id vazio","duration":0.4677000000001499,"failureMessages":[],"meta":{}},{"ancestorTitles":["transactionSchema","validação de category_id"],"fullName":"transactionSchema validação de category_id deve rejeitar category_id ausente","status":"passed","title":"deve rejeitar category_id ausente","duration":0.2903999999998632,"failureMessages":[],"meta":{}},{"ancestorTitles":["transactionSchema","validação de tipo"],"fullName":"transactionSchema validação de tipo deve aceitar apenas \"receita\" ou \"despesa\"","status":"passed","title":"deve aceitar apenas \"receita\" ou \"despesa\"","duration":0.24920000000020082,"failureMessages":[],"meta":{}},{"ancestorTitles":["transactionSchema","validação de tipo"],"fullName":"transactionSchema validação de tipo deve rejeitar tipo inválido","status":"passed","title":"deve rejeitar tipo inválido","duration":0.3024999999997817,"failureMessages":[],"meta":{}},{"ancestorTitles":["transactionSchema","validação de tipo"],"fullName":"transactionSchema validação de tipo deve rejeitar tipo ausente","status":"passed","title":"deve rejeitar tipo ausente","duration":0.30900000000019645,"failureMessages":[],"meta":{}},{"ancestorTitles":["transactionSchema","validação de valor"],"fullName":"transactionSchema validação de valor deve rejeitar valor negativo","status":"passed","title":"deve rejeitar valor negativo","duration":0.31159999999999854,"failureMessages":[],"meta":{}},{"ancestorTitles":["transactionSchema","validação de valor"],"fullName":"transactionSchema validação de valor deve rejeitar valor zero","status":"passed","title":"deve rejeitar valor zero","duration":0.2551999999996042,"failureMessages":[],"meta":{}},{"ancestorTitles":["transactionSchema","validação de valor"],"fullName":"transactionSchema validação de valor deve aceitar valores decimais","status":"passed","title":"deve aceitar valores decimais","duration":0.16040000000066357,"failureMessages":[],"meta":{}},{"ancestorTitles":["transactionSchema","validação de valor"],"fullName":"transactionSchema validação de valor deve rejeitar valor ausente","status":"passed","title":"deve rejeitar valor ausente","duration":0.21319999999923311,"failureMessages":[],"meta":{}},{"ancestorTitles":["transactionSchema","validação de descrição"],"fullName":"transactionSchema validação de descrição deve aceitar descrição válida","status":"passed","title":"deve aceitar descrição válida","duration":0.15710000000035507,"failureMessages":[],"meta":{}},{"ancestorTitles":["transactionSchema","validação de descrição"],"fullName":"transactionSchema validação de descrição deve aceitar descrição vazia (opcional)","status":"passed","title":"deve aceitar descrição vazia (opcional)","duration":0.14170000000012806,"failureMessages":[],"meta":{}},{"ancestorTitles":["transactionSchema","validação de descrição"],"fullName":"transactionSchema validação de descrição deve rejeitar descrição muito longa","status":"passed","title":"deve rejeitar descrição muito longa","duration":0.268699999999626,"failureMessages":[],"meta":{}},{"ancestorTitles":["transactionSchema","validação de descrição"],"fullName":"transactionSchema validação de descrição deve aceitar descrição no limite máximo","status":"passed","title":"deve aceitar descrição no limite máximo","duration":0.15779999999995198,"failureMessages":[],"meta":{}},{"ancestorTitles":["transactionSchema","validação de descrição"],"fullName":"transactionSchema validação de descrição deve aceitar descrição ausente (opcional)","status":"passed","title":"deve aceitar descrição ausente (opcional)","duration":0.14859999999953288,"failureMessages":[],"meta":{}},{"ancestorTitles":["transactionSchema","validação de data"],"fullName":"transactionSchema validação de data deve aceitar formato de data válido (YYYY-MM-DD)","status":"passed","title":"deve aceitar formato de data válido (YYYY-MM-DD)","duration":0.2860000000000582,"failureMessages":[],"meta":{}},{"ancestorTitles":["transactionSchema","validação de data"],"fullName":"transactionSchema validação de data deve rejeitar formato de data inválido","status":"passed","title":"deve rejeitar formato de data inválido","duration":0.26749999999992724,"failureMessages":[],"meta":{}},{"ancestorTitles":["transactionSchema","validação de data"],"fullName":"transactionSchema validação de data deve rejeitar data ausente","status":"passed","title":"deve rejeitar data ausente","duration":0.16370000000006257,"failureMessages":[],"meta":{}},{"ancestorTitles":["transactionSchema","casos extremos"],"fullName":"transactionSchema casos extremos deve rejeitar objeto vazio","status":"passed","title":"deve rejeitar objeto vazio","duration":0.22949999999946158,"failureMessages":[],"meta":{}},{"ancestorTitles":["transactionSchema","casos extremos"],"fullName":"transactionSchema casos extremos deve rejeitar null","status":"passed","title":"deve rejeitar null","duration":0.13550000000032014,"failureMessages":[],"meta":{}},{"ancestorTitles":["transactionSchema","casos extremos"],"fullName":"transactionSchema casos extremos deve rejeitar undefined","status":"passed","title":"deve rejeitar undefined","duration":0.12440000000060536,"failureMessages":[],"meta":{}},{"ancestorTitles":["transactionSchema","casos extremos"],"fullName":"transactionSchema casos extremos deve rejeitar campos extras não definidos","status":"passed","title":"deve rejeitar campos extras não definidos","duration":0.17950000000018917,"failureMessages":[],"meta":{}},{"ancestorTitles":["transactionSchema","validação de tipos de dados"],"fullName":"transactionSchema validação de tipos de dados deve converter string numérica para number no valor","status":"passed","title":"deve converter string numérica para number no valor","duration":0.1754000000000815,"failureMessages":[],"meta":{}},{"ancestorTitles":["transactionSchema","validação de tipos de dados"],"fullName":"transactionSchema validação de tipos de dados deve rejeitar valor não numérico","status":"passed","title":"deve rejeitar valor não numérico","duration":0.1482000000005428,"failureMessages":[],"meta":{}},{"ancestorTitles":["transactionSchema","validação de integridade"],"fullName":"transactionSchema validação de integridade deve validar transação completa com todos os campos obrigatórios","status":"passed","title":"deve validar transação completa com todos os campos obrigatórios","duration":0.22139999999944848,"failureMessages":[],"meta":{}}],"startTime":1776467857736,"endTime":1776467857746.2214,"status":"passed","message":"","name":"C:/Users/pmati/AppFamilyFinance/FamilyFlowFinance/src/validation/__tests__/transactionSchema.test.ts"},{"assertionResults":[{"ancestorTitles":["Edge Function export-payslips — audit logging"],"fullName":"Edge Function export-payslips — audit logging Export CSV deve registar uma linha em export_audit visível via RLS","status":"skipped","title":"Export CSV deve registar uma linha em export_audit visível via RLS","failureMessages":[],"meta":{}}],"startTime":1776467850914,"endTime":1776467850914,"status":"passed","message":"","name":"C:/Users/pmati/AppFamilyFinance/FamilyFlowFinance/tests/integration/edge/export-payslips.audit.test.ts"},{"assertionResults":[{"ancestorTitles":["Edge Function export-payslips — fluxo autenticado básico"],"fullName":"Edge Function export-payslips — fluxo autenticado básico POST autorizado com ids inexistentes devolve 404 (Nenhum payslip encontrado) [CSV]","status":"skipped","title":"POST autorizado com ids inexistentes devolve 404 (Nenhum payslip encontrado) [CSV]","failureMessages":[],"meta":{}},{"ancestorTitles":["Edge Function export-payslips — fluxo autenticado básico"],"fullName":"Edge Function export-payslips — fluxo autenticado básico POST autorizado com ids inexistentes devolve 404 (Nenhum payslip encontrado) [PDF]","status":"skipped","title":"POST autorizado com ids inexistentes devolve 404 (Nenhum payslip encontrado) [PDF]","failureMessages":[],"meta":{}}],"startTime":1776467850914,"endTime":1776467850914,"status":"passed","message":"","name":"C:/Users/pmati/AppFamilyFinance/FamilyFlowFinance/tests/integration/edge/export-payslips.auth.test.ts"},{"assertionResults":[{"ancestorTitles":["Edge Function export-payslips — cenários negativos"],"fullName":"Edge Function export-payslips — cenários negativos OPTIONS responde com 200 e cabeçalhos CORS","status":"skipped","title":"OPTIONS responde com 200 e cabeçalhos CORS","failureMessages":[],"meta":{}},{"ancestorTitles":["Edge Function export-payslips — cenários negativos"],"fullName":"Edge Function export-payslips — cenários negativos GET devolve 405 (Método não permitido)","status":"skipped","title":"GET devolve 405 (Método não permitido)","failureMessages":[],"meta":{}},{"ancestorTitles":["Edge Function export-payslips — cenários negativos"],"fullName":"Edge Function export-payslips — cenários negativos POST sem Authorization devolve 401 (Não autenticado)","status":"skipped","title":"POST sem Authorization devolve 401 (Não autenticado)","failureMessages":[],"meta":{}},{"ancestorTitles":["Edge Function export-payslips — cenários negativos"],"fullName":"Edge Function export-payslips — cenários negativos POST com payload inválido (format fora do enum) devolve 400 (Parâmetros inválidos)","status":"skipped","title":"POST com payload inválido (format fora do enum) devolve 400 (Parâmetros inválidos)","failureMessages":[],"meta":{}},{"ancestorTitles":["Edge Function export-payslips — cenários negativos"],"fullName":"Edge Function export-payslips — cenários negativos POST com body sem ids/range devolve 400 (Parâmetros inválidos: forneça ids ou range)","status":"skipped","title":"POST com body sem ids/range devolve 400 (Parâmetros inválidos: forneça ids ou range)","failureMessages":[],"meta":{}}],"startTime":1776467850914,"endTime":1776467850914,"status":"passed","message":"","name":"C:/Users/pmati/AppFamilyFinance/FamilyFlowFinance/tests/integration/edge/export-payslips.negative.test.ts"},{"assertionResults":[{"ancestorTitles":["Edge Function export-payslips — rate limit 10/h"],"fullName":"Edge Function export-payslips — rate limit 10/h Após 10 exports com sucesso, a chamada seguinte deve devolver 429","status":"skipped","title":"Após 10 exports com sucesso, a chamada seguinte deve devolver 429","failureMessages":[],"meta":{}}],"startTime":1776467850914,"endTime":1776467850914,"status":"passed","message":"","name":"C:/Users/pmati/AppFamilyFinance/FamilyFlowFinance/tests/integration/edge/export-payslips.rate-limit.test.ts"},{"assertionResults":[{"ancestorTitles":["Supabase Connection Test"],"fullName":"Supabase Connection Test should connect to Supabase successfully","status":"passed","title":"should connect to Supabase successfully","duration":11.487299999999777,"failureMessages":[],"meta":{}},{"ancestorTitles":["Supabase Connection Test"],"fullName":"Supabase Connection Test should be able to check auth status","status":"passed","title":"should be able to check auth status","duration":1.6896000000006097,"failureMessages":[],"meta":{}}],"startTime":1776467857651,"endTime":1776467857663.6897,"status":"passed","message":"","name":"C:/Users/pmati/AppFamilyFinance/FamilyFlowFinance/tests/integration/rls/basic-connection.spec.ts"},{"assertionResults":[{"ancestorTitles":["RLS - Categories","SELECT permissions - Personal categories"],"fullName":"RLS - Categories SELECT permissions - Personal categories should allow users to read their own personal categories","status":"skipped","title":"should allow users to read their own personal categories","failureMessages":[],"meta":{}},{"ancestorTitles":["RLS - Categories","SELECT permissions - Personal categories"],"fullName":"RLS - Categories SELECT permissions - Personal categories should not allow users to read personal categories from other users","status":"skipped","title":"should not allow users to read personal categories from other users","failureMessages":[],"meta":{}},{"ancestorTitles":["RLS - Categories","SELECT permissions - Family categories"],"fullName":"RLS - Categories SELECT permissions - Family categories should allow family members to read family categories","status":"skipped","title":"should allow family members to read family categories","failureMessages":[],"meta":{}},{"ancestorTitles":["RLS - Categories","SELECT permissions - Family categories"],"fullName":"RLS - Categories SELECT permissions - Family categories should allow viewers to read family categories","status":"skipped","title":"should allow viewers to read family categories","failureMessages":[],"meta":{}},{"ancestorTitles":["RLS - Categories","SELECT permissions - Family categories"],"fullName":"RLS - Categories SELECT permissions - Family categories should not allow access to categories from other families","status":"skipped","title":"should not allow access to categories from other families","failureMessages":[],"meta":{}},{"ancestorTitles":["RLS - Categories","INSERT permissions - Personal categories"],"fullName":"RLS - Categories INSERT permissions - Personal categories should allow users to create personal categories","status":"skipped","title":"should allow users to create personal categories","failureMessages":[],"meta":{}},{"ancestorTitles":["RLS - Categories","INSERT permissions - Personal categories"],"fullName":"RLS - Categories INSERT permissions - Personal categories should not allow users to create categories for other users","status":"skipped","title":"should not allow users to create categories for other users","failureMessages":[],"meta":{}},{"ancestorTitles":["RLS - Categories","INSERT permissions - Family categories"],"fullName":"RLS - Categories INSERT permissions - Family categories should allow family admins to create family categories","status":"skipped","title":"should allow family admins to create family categories","failureMessages":[],"meta":{}},{"ancestorTitles":["RLS - Categories","INSERT permissions - Family categories"],"fullName":"RLS - Categories INSERT permissions - Family categories should allow family members to create family categories","status":"skipped","title":"should allow family members to create family categories","failureMessages":[],"meta":{}},{"ancestorTitles":["RLS - Categories","INSERT permissions - Family categories"],"fullName":"RLS - Categories INSERT permissions - Family categories should block viewers from creating family categories","status":"skipped","title":"should block viewers from creating family categories","failureMessages":[],"meta":{}},{"ancestorTitles":["RLS - Categories","INSERT permissions - Family categories"],"fullName":"RLS - Categories INSERT permissions - Family categories should block viewers from creating personal categories","status":"skipped","title":"should block viewers from creating personal categories","failureMessages":[],"meta":{}},{"ancestorTitles":["RLS - Categories","UPDATE permissions"],"fullName":"RLS - Categories UPDATE permissions should allow category owner to update their categories","status":"skipped","title":"should allow category owner to update their categories","failureMessages":[],"meta":{}},{"ancestorTitles":["RLS - Categories","UPDATE permissions"],"fullName":"RLS - Categories UPDATE permissions should block viewers from updating categories","status":"skipped","title":"should block viewers from updating categories","failureMessages":[],"meta":{}},{"ancestorTitles":["RLS - Categories","UPDATE permissions"],"fullName":"RLS - Categories UPDATE permissions should not allow updating categories from other users","status":"skipped","title":"should not allow updating categories from other users","failureMessages":[],"meta":{}},{"ancestorTitles":["RLS - Categories","DELETE permissions"],"fullName":"RLS - Categories DELETE permissions should allow category owner to delete their categories","status":"skipped","title":"should allow category owner to delete their categories","failureMessages":[],"meta":{}},{"ancestorTitles":["RLS - Categories","DELETE permissions"],"fullName":"RLS - Categories DELETE permissions should block viewers from deleting categories","status":"skipped","title":"should block viewers from deleting categories","failureMessages":[],"meta":{}}],"startTime":1776467850914,"endTime":1776467850914,"status":"passed","message":"","name":"C:/Users/pmati/AppFamilyFinance/FamilyFlowFinance/tests/integration/rls/categories.spec.ts"},{"assertionResults":[{"ancestorTitles":["Simple Test"],"fullName":"Simple Test should pass a basic test","status":"passed","title":"should pass a basic test","duration":1.2255000000004657,"failureMessages":[],"meta":{}},{"ancestorTitles":["Simple Test"],"fullName":"Simple Test should have access to environment variables","status":"passed","title":"should have access to environment variables","duration":0.8400999999994383,"failureMessages":[],"meta":{}}],"startTime":1776467861033,"endTime":1776467861034.84,"status":"passed","message":"","name":"C:/Users/pmati/AppFamilyFinance/FamilyFlowFinance/tests/integration/rls/simple-test.spec.ts"},{"assertionResults":[{"ancestorTitles":["RLS - Transactions (Simplified)","SELECT permissions"],"fullName":"RLS - Transactions (Simplified) SELECT permissions should allow user to read their own transactions","status":"skipped","title":"should allow user to read their own transactions","failureMessages":[],"meta":{}},{"ancestorTitles":["RLS - Transactions (Simplified)","INSERT permissions"],"fullName":"RLS - Transactions (Simplified) INSERT permissions should allow user to create transactions","status":"skipped","title":"should allow user to create transactions","failureMessages":[],"meta":{}},{"ancestorTitles":["RLS - Transactions (Simplified)","UPDATE permissions"],"fullName":"RLS - Transactions (Simplified) UPDATE permissions should allow user to update their own transactions","status":"skipped","title":"should allow user to update their own transactions","failureMessages":[],"meta":{}},{"ancestorTitles":["RLS - Transactions (Simplified)","DELETE permissions"],"fullName":"RLS - Transactions (Simplified) DELETE permissions should allow user to delete their own transactions","status":"skipped","title":"should allow user to delete their own transactions","failureMessages":[],"meta":{}}],"startTime":1776467850914,"endTime":1776467850914,"status":"passed","message":"","name":"C:/Users/pmati/AppFamilyFinance/FamilyFlowFinance/tests/integration/rls/transactions-simple.spec.ts"},{"assertionResults":[{"ancestorTitles":["RLS - Transactions","SELECT permissions"],"fullName":"RLS - Transactions SELECT permissions should allow family members to read family transactions","status":"skipped","title":"should allow family members to read family transactions","failureMessages":[],"meta":{}},{"ancestorTitles":["RLS - Transactions","SELECT permissions"],"fullName":"RLS - Transactions SELECT permissions should allow viewers to read family transactions","status":"skipped","title":"should allow viewers to read family transactions","failureMessages":[],"meta":{}},{"ancestorTitles":["RLS - Transactions","SELECT permissions"],"fullName":"RLS - Transactions SELECT permissions should not allow access to transactions from other families","status":"skipped","title":"should not allow access to transactions from other families","failureMessages":[],"meta":{}},{"ancestorTitles":["RLS - Transactions","INSERT permissions"],"fullName":"RLS - Transactions INSERT permissions should allow family admins to create transactions","status":"skipped","title":"should allow family admins to create transactions","failureMessages":[],"meta":{}},{"ancestorTitles":["RLS - Transactions","INSERT permissions"],"fullName":"RLS - Transactions INSERT permissions should allow family members to create transactions","status":"skipped","title":"should allow family members to create transactions","failureMessages":[],"meta":{}},{"ancestorTitles":["RLS - Transactions","INSERT permissions"],"fullName":"RLS - Transactions INSERT permissions should block viewers from creating transactions","status":"skipped","title":"should block viewers from creating transactions","failureMessages":[],"meta":{}},{"ancestorTitles":["RLS - Transactions","UPDATE permissions"],"fullName":"RLS - Transactions UPDATE permissions should allow transaction owner to update their transactions","status":"skipped","title":"should allow transaction owner to update their transactions","failureMessages":[],"meta":{}},{"ancestorTitles":["RLS - Transactions","UPDATE permissions"],"fullName":"RLS - Transactions UPDATE permissions should block viewers from updating transactions","status":"skipped","title":"should block viewers from updating transactions","failureMessages":[],"meta":{}},{"ancestorTitles":["RLS - Transactions","DELETE permissions"],"fullName":"RLS - Transactions DELETE permissions should allow transaction owner to delete their transactions","status":"skipped","title":"should allow transaction owner to delete their transactions","failureMessages":[],"meta":{}},{"ancestorTitles":["RLS - Transactions","DELETE permissions"],"fullName":"RLS - Transactions DELETE permissions should block viewers from deleting transactions","status":"skipped","title":"should block viewers from deleting transactions","failureMessages":[],"meta":{}}],"startTime":1776467850914,"endTime":1776467850914,"status":"passed","message":"","name":"C:/Users/pmati/AppFamilyFinance/FamilyFlowFinance/tests/integration/rls/transactions.spec.ts"},{"assertionResults":[{"ancestorTitles":["Canonical Goal Functions (integration)"],"fullName":"Canonical Goal Functions (integration) allocate_to_goal_with_transaction deve criar transações e reservar saldo","status":"skipped","title":"allocate_to_goal_with_transaction deve criar transações e reservar saldo","failureMessages":[],"meta":{}},{"ancestorTitles":["Canonical Goal Functions (integration)"],"fullName":"Canonical Goal Functions (integration) deallocate_from_goal_with_transaction deve reverter reservas e refletir nas views","status":"skipped","title":"deallocate_from_goal_with_transaction deve reverter reservas e refletir nas views","failureMessages":[],"meta":{}},{"ancestorTitles":["Canonical Goal Functions (integration)"],"fullName":"Canonical Goal Functions (integration) delete_goal_with_restoration deve eliminar o objetivo e restaurar reservas/ligação","status":"skipped","title":"delete_goal_with_restoration deve eliminar o objetivo e restaurar reservas/ligação","failureMessages":[],"meta":{}}],"startTime":1776467850914,"endTime":1776467850914,"status":"passed","message":"","name":"C:/Users/pmati/AppFamilyFinance/FamilyFlowFinance/tests/integration/goals/goal-canonical-functions.test.ts"},{"assertionResults":[{"ancestorTitles":["Goal Deletion at 100% with Multiple Origin Accounts (integration)"],"fullName":"Goal Deletion at 100% with Multiple Origin Accounts (integration) deve alocar 500+500 e atingir 100%, depois eliminar sem debitar origens","status":"skipped","title":"deve alocar 500+500 e atingir 100%, depois eliminar sem debitar origens","failureMessages":[],"meta":{}}],"startTime":1776467850914,"endTime":1776467850914,"status":"passed","message":"","name":"C:/Users/pmati/AppFamilyFinance/FamilyFlowFinance/tests/integration/goals/goal-delete-100-multi-origins.spec.ts"},{"assertionResults":[{"ancestorTitles":["Goal Deletion Idempotency (integration)"],"fullName":"Goal Deletion Idempotency (integration) deve eliminar duas vezes com a mesma idempotency_key sem efeitos adicionais","status":"skipped","title":"deve eliminar duas vezes com a mesma idempotency_key sem efeitos adicionais","failureMessages":[],"meta":{}}],"startTime":1776467850914,"endTime":1776467850914,"status":"passed","message":"","name":"C:/Users/pmati/AppFamilyFinance/FamilyFlowFinance/tests/integration/goals/goal-delete-idempotency.spec.ts"},{"assertionResults":[{"ancestorTitles":["AccountForm"],"fullName":"AccountForm should render form fields correctly","status":"passed","title":"should render form fields correctly","duration":65.99469999999974,"failureMessages":[],"meta":{}},{"ancestorTitles":["AccountForm"],"fullName":"AccountForm should handle form submission for new account","status":"passed","title":"should handle form submission for new account","duration":279.6850999999997,"failureMessages":[],"meta":{}},{"ancestorTitles":["AccountForm"],"fullName":"AccountForm should handle form submission for editing account","status":"passed","title":"should handle form submission for editing account","duration":31.368099999999686,"failureMessages":[],"meta":{}},{"ancestorTitles":["AccountForm"],"fullName":"AccountForm should handle cancel button click","status":"passed","title":"should handle cancel button click","duration":12.019999999999527,"failureMessages":[],"meta":{}},{"ancestorTitles":["AccountForm"],"fullName":"AccountForm should show validation errors for empty required fields","status":"passed","title":"should show validation errors for empty required fields","duration":19.124300000000403,"failureMessages":[],"meta":{}},{"ancestorTitles":["AccountForm"],"fullName":"AccountForm should handle numeric input for saldo inicial","status":"passed","title":"should handle numeric input for saldo inicial","duration":16.86110000000008,"failureMessages":[],"meta":{}}],"startTime":1776467854346,"endTime":1776467854770.861,"status":"passed","message":"","name":"C:/Users/pmati/AppFamilyFinance/FamilyFlowFinance/tests/unit/components/AccountForm.test.tsx"},{"assertionResults":[{"ancestorTitles":["GoalForm"],"fullName":"GoalForm should render form fields correctly","status":"passed","title":"should render form fields correctly","duration":32.20210000000043,"failureMessages":[],"meta":{}},{"ancestorTitles":["GoalForm"],"fullName":"GoalForm should handle form submission for new goal","status":"passed","title":"should handle form submission for new goal","duration":26.69750000000022,"failureMessages":[],"meta":{}},{"ancestorTitles":["GoalForm"],"fullName":"GoalForm should handle form submission for editing goal","status":"passed","title":"should handle form submission for editing goal","duration":24.502400000000307,"failureMessages":[],"meta":{}},{"ancestorTitles":["GoalForm"],"fullName":"GoalForm should handle cancel button click","status":"passed","title":"should handle cancel button click","duration":6.04110000000037,"failureMessages":[],"meta":{}},{"ancestorTitles":["GoalForm"],"fullName":"GoalForm should validate required fields","status":"passed","title":"should validate required fields","duration":11.034900000000562,"failureMessages":[],"meta":{}},{"ancestorTitles":["GoalForm"],"fullName":"GoalForm should validate minimum value for valor_alvo","status":"passed","title":"should validate minimum value for valor_alvo","duration":7.6884000000000015,"failureMessages":[],"meta":{}},{"ancestorTitles":["GoalForm"],"fullName":"GoalForm should handle numeric input for valor_alvo","status":"passed","title":"should handle numeric input for valor_alvo","duration":4.385299999999916,"failureMessages":[],"meta":{}},{"ancestorTitles":["GoalForm"],"fullName":"GoalForm should allow submission with valid date","status":"passed","title":"should allow submission with valid date","duration":12.605999999999767,"failureMessages":[],"meta":{}}],"startTime":1776467856037,"endTime":1776467856162.606,"status":"passed","message":"","name":"C:/Users/pmati/AppFamilyFinance/FamilyFlowFinance/tests/unit/components/GoalForm.test.tsx"},{"assertionResults":[{"ancestorTitles":["TransactionForm"],"fullName":"TransactionForm should render form fields correctly","status":"passed","title":"should render form fields correctly","duration":126.62019999999984,"failureMessages":[],"meta":{}},{"ancestorTitles":["TransactionForm"],"fullName":"TransactionForm should load accounts and categories on mount","status":"passed","title":"should load accounts and categories on mount","duration":11.241099999999733,"failureMessages":[],"meta":{}},{"ancestorTitles":["TransactionForm"],"fullName":"TransactionForm should handle form submission with valid data","status":"passed","title":"should handle form submission with valid data","duration":93.02509999999984,"failureMessages":[],"meta":{}},{"ancestorTitles":["TransactionForm"],"fullName":"TransactionForm should show validation errors for invalid data","status":"passed","title":"should show validation errors for invalid data","duration":56.8103000000001,"failureMessages":[],"meta":{}},{"ancestorTitles":["TransactionForm"],"fullName":"TransactionForm should populate form with initial data","status":"passed","title":"should populate form with initial data","duration":27.364700000000084,"failureMessages":[],"meta":{}},{"ancestorTitles":["TransactionForm"],"fullName":"TransactionForm should call onCancel when cancel button is clicked","status":"passed","title":"should call onCancel when cancel button is clicked","duration":26.7484000000004,"failureMessages":[],"meta":{}}],"startTime":1776467854431,"endTime":1776467854773.7483,"status":"passed","message":"","name":"C:/Users/pmati/AppFamilyFinance/FamilyFlowFinance/tests/unit/components/TransactionForm.test.tsx"},{"assertionResults":[{"ancestorTitles":["Accounts Service","getAccounts"],"fullName":"Accounts Service getAccounts should fetch accounts successfully","status":"passed","title":"should fetch accounts successfully","duration":3.176300000000083,"failureMessages":[],"meta":{}},{"ancestorTitles":["Accounts Service","getAccounts"],"fullName":"Accounts Service getAccounts should handle fetch error","status":"passed","title":"should handle fetch error","duration":0.5291999999999462,"failureMessages":[],"meta":{}},{"ancestorTitles":["Accounts Service","getAccount"],"fullName":"Accounts Service getAccount should fetch single account","status":"passed","title":"should fetch single account","duration":0.8329999999996289,"failureMessages":[],"meta":{}},{"ancestorTitles":["Accounts Service","getAccount"],"fullName":"Accounts Service getAccount should handle account not found","status":"passed","title":"should handle account not found","duration":0.658900000000358,"failureMessages":[],"meta":{}},{"ancestorTitles":["Accounts Service","createAccount"],"fullName":"Accounts Service createAccount should create account successfully","status":"passed","title":"should create account successfully","duration":1.0959000000002561,"failureMessages":[],"meta":{}},{"ancestorTitles":["Accounts Service","createAccount"],"fullName":"Accounts Service createAccount should create account with zero initial balance","status":"passed","title":"should create account with zero initial balance","duration":0.46640000000024884,"failureMessages":[],"meta":{}},{"ancestorTitles":["Accounts Service","createAccount"],"fullName":"Accounts Service createAccount should handle create error","status":"passed","title":"should handle create error","duration":0.3308999999999287,"failureMessages":[],"meta":{}},{"ancestorTitles":["Accounts Service","updateAccount"],"fullName":"Accounts Service updateAccount should update account successfully","status":"passed","title":"should update account successfully","duration":0.8809000000001106,"failureMessages":[],"meta":{}},{"ancestorTitles":["Accounts Service","updateAccount"],"fullName":"Accounts Service updateAccount should handle update error","status":"passed","title":"should handle update error","duration":0.8407000000006519,"failureMessages":[],"meta":{}},{"ancestorTitles":["Accounts Service","deleteAccount"],"fullName":"Accounts Service deleteAccount should delete account successfully","status":"passed","title":"should delete account successfully","duration":0.573699999999917,"failureMessages":[],"meta":{}},{"ancestorTitles":["Accounts Service","deleteAccount"],"fullName":"Accounts Service deleteAccount should handle delete error","status":"passed","title":"should handle delete error","duration":0.23409999999967113,"failureMessages":[],"meta":{}},{"ancestorTitles":["Accounts Service","deleteAccount"],"fullName":"Accounts Service deleteAccount should handle RPC error response","status":"passed","title":"should handle RPC error response","duration":0.2114000000001397,"failureMessages":[],"meta":{}},{"ancestorTitles":["Accounts Service","deleteAccount"],"fullName":"Accounts Service deleteAccount should handle unexpected response format","status":"passed","title":"should handle unexpected response format","duration":0.21600000000034925,"failureMessages":[],"meta":{}},{"ancestorTitles":["Accounts Service - Family vs Personal (Regressão)"],"fullName":"Accounts Service - Family vs Personal (Regressão) getAccountsWithBalances deve excluir contas com family_id (área pessoal)","status":"passed","title":"getAccountsWithBalances deve excluir contas com family_id (área pessoal)","duration":1.180000000000291,"failureMessages":[],"meta":{}},{"ancestorTitles":["Accounts Service - Family vs Personal (Regressão)"],"fullName":"Accounts Service - Family vs Personal (Regressão) getFamilyAccountsWithBalances deve devolver apenas contas com family_id","status":"passed","title":"getFamilyAccountsWithBalances deve devolver apenas contas com family_id","duration":0.7923999999993612,"failureMessages":[],"meta":{}}],"startTime":1776467858081,"endTime":1776467858094.7925,"status":"passed","message":"","name":"C:/Users/pmati/AppFamilyFinance/FamilyFlowFinance/tests/unit/services/accounts.test.ts"},{"assertionResults":[{"ancestorTitles":["budgets service"],"fullName":"budgets service getBudgets retorna um array","status":"passed","title":"getBudgets retorna um array","duration":2.861700000001292,"failureMessages":[],"meta":{}}],"startTime":1776467861054,"endTime":1776467861056.8618,"status":"passed","message":"","name":"C:/Users/pmati/AppFamilyFinance/FamilyFlowFinance/tests/unit/services/budgets.spec.ts"},{"assertionResults":[{"ancestorTitles":["transactions service"],"fullName":"transactions service getTransactions retorna um array","status":"passed","title":"getTransactions retorna um array","duration":1.6851999999998952,"failureMessages":[],"meta":{}}],"startTime":1776467861567,"endTime":1776467861568.6853,"status":"passed","message":"","name":"C:/Users/pmati/AppFamilyFinance/FamilyFlowFinance/tests/unit/services/transactions.spec.ts"},{"assertionResults":[{"ancestorTitles":["Transactions Service","getTransactions"],"fullName":"Transactions Service getTransactions should return transactions successfully","status":"passed","title":"should return transactions successfully","duration":4.455299999999625,"failureMessages":[],"meta":{}},{"ancestorTitles":["Transactions Service","getTransactions"],"fullName":"Transactions Service getTransactions should handle database error","status":"passed","title":"should handle database error","duration":0.7868999999991502,"failureMessages":[],"meta":{}},{"ancestorTitles":["Transactions Service","getTransaction"],"fullName":"Transactions Service getTransaction should fetch single transaction","status":"passed","title":"should fetch single transaction","duration":1.0297000000009575,"failureMessages":[],"meta":{}},{"ancestorTitles":["Transactions Service","getTransaction"],"fullName":"Transactions Service getTransaction should handle transaction not found","status":"passed","title":"should handle transaction not found","duration":0.6438999999991211,"failureMessages":[],"meta":{}},{"ancestorTitles":["Transactions Service","createTransaction"],"fullName":"Transactions Service createTransaction should create transaction successfully","status":"passed","title":"should create transaction successfully","duration":1.4861000000000786,"failureMessages":[],"meta":{}},{"ancestorTitles":["Transactions Service","createTransaction"],"fullName":"Transactions Service createTransaction should handle create error","status":"passed","title":"should handle create error","duration":0.4441999999999098,"failureMessages":[],"meta":{}},{"ancestorTitles":["Transactions Service","updateTransaction"],"fullName":"Transactions Service updateTransaction should update transaction successfully","status":"passed","title":"should update transaction successfully","duration":0.6625999999996566,"failureMessages":[],"meta":{}},{"ancestorTitles":["Transactions Service","updateTransaction"],"fullName":"Transactions Service updateTransaction should handle update error","status":"passed","title":"should handle update error","duration":0.37620000000060827,"failureMessages":[],"meta":{}},{"ancestorTitles":["Transactions Service","deleteTransaction"],"fullName":"Transactions Service deleteTransaction should delete a transaction successfully","status":"passed","title":"should delete a transaction successfully","duration":1.0375000000003638,"failureMessages":[],"meta":{}},{"ancestorTitles":["Transactions Service","deleteTransaction"],"fullName":"Transactions Service deleteTransaction should handle delete error","status":"passed","title":"should handle delete error","duration":0.4415000000008149,"failureMessages":[],"meta":{}}],"startTime":1776467859120,"endTime":1776467859131.4414,"status":"passed","message":"","name":"C:/Users/pmati/AppFamilyFinance/FamilyFlowFinance/tests/unit/services/transactions.test.ts"},{"assertionResults":[{"ancestorTitles":["useAccountsQuery","useAccounts"],"fullName":"useAccountsQuery useAccounts should fetch accounts successfully","status":"passed","title":"should fetch accounts successfully","duration":78.23059999999987,"failureMessages":[],"meta":{}},{"ancestorTitles":["useAccountsQuery","useAccounts"],"fullName":"useAccountsQuery useAccounts should handle fetch accounts error","status":"passed","title":"should handle fetch accounts error","duration":60.54909999999995,"failureMessages":[],"meta":{}},{"ancestorTitles":["useAccountsQuery","useAccounts"],"fullName":"useAccountsQuery useAccounts should not fetch when user is not available","status":"passed","title":"should not fetch when user is not available","duration":2.284400000000005,"failureMessages":[],"meta":{}},{"ancestorTitles":["useAccountsQuery","useCreateAccount"],"fullName":"useAccountsQuery useCreateAccount should create account successfully","status":"passed","title":"should create account successfully","duration":60.999000000000024,"failureMessages":[],"meta":{}},{"ancestorTitles":["useAccountsQuery","useCreateAccount"],"fullName":"useAccountsQuery useCreateAccount should handle create account error","status":"passed","title":"should handle create account error","duration":67.97900000000027,"failureMessages":[],"meta":{}},{"ancestorTitles":["useAccountsQuery","useUpdateAccount"],"fullName":"useAccountsQuery useUpdateAccount should update account successfully","status":"passed","title":"should update account successfully","duration":62.569900000000416,"failureMessages":[],"meta":{}},{"ancestorTitles":["useAccountsQuery","useUpdateAccount"],"fullName":"useAccountsQuery useUpdateAccount should handle update account error","status":"passed","title":"should handle update account error","duration":75.08680000000004,"failureMessages":[],"meta":{}},{"ancestorTitles":["useAccountsQuery","useDeleteAccount"],"fullName":"useAccountsQuery useDeleteAccount should delete account successfully","status":"passed","title":"should delete account successfully","duration":62.804999999999836,"failureMessages":[],"meta":{}},{"ancestorTitles":["useAccountsQuery","useDeleteAccount"],"fullName":"useAccountsQuery useDeleteAccount should handle delete account error","status":"passed","title":"should handle delete account error","duration":67.77520000000004,"failureMessages":[],"meta":{}}],"startTime":1776467852490,"endTime":1776467853028.7751,"status":"passed","message":"","name":"C:/Users/pmati/AppFamilyFinance/FamilyFlowFinance/tests/unit/hooks/useAccountsQuery.test.tsx"},{"assertionResults":[{"ancestorTitles":["useGoalsQuery","useGoals"],"fullName":"useGoalsQuery useGoals should fetch goals successfully","status":"passed","title":"should fetch goals successfully","duration":73.66289999999981,"failureMessages":[],"meta":{}},{"ancestorTitles":["useGoalsQuery","useGoals"],"fullName":"useGoalsQuery useGoals should handle fetch goals error","status":"passed","title":"should handle fetch goals error","duration":65.36640000000011,"failureMessages":[],"meta":{}},{"ancestorTitles":["useGoalsQuery","useGoals"],"fullName":"useGoalsQuery useGoals should not fetch when user is not available","status":"passed","title":"should not fetch when user is not available","duration":2.2548000000001593,"failureMessages":[],"meta":{}},{"ancestorTitles":["useGoalsQuery","useCreateGoal"],"fullName":"useGoalsQuery useCreateGoal should create goal successfully","status":"passed","title":"should create goal successfully","duration":68.99289999999974,"failureMessages":[],"meta":{}},{"ancestorTitles":["useGoalsQuery","useCreateGoal"],"fullName":"useGoalsQuery useCreateGoal should handle create goal error","status":"passed","title":"should handle create goal error","duration":62.29880000000003,"failureMessages":[],"meta":{}},{"ancestorTitles":["useGoalsQuery","useUpdateGoal"],"fullName":"useGoalsQuery useUpdateGoal should update goal successfully","status":"passed","title":"should update goal successfully","duration":68.72690000000011,"failureMessages":[],"meta":{}},{"ancestorTitles":["useGoalsQuery","useUpdateGoal"],"fullName":"useGoalsQuery useUpdateGoal should handle update goal error","status":"passed","title":"should handle update goal error","duration":66.6210000000001,"failureMessages":[],"meta":{}},{"ancestorTitles":["useGoalsQuery","useDeleteGoal"],"fullName":"useGoalsQuery useDeleteGoal should delete goal successfully","status":"passed","title":"should delete goal successfully","duration":74.95600000000013,"failureMessages":[],"meta":{}},{"ancestorTitles":["useGoalsQuery","useDeleteGoal"],"fullName":"useGoalsQuery useDeleteGoal should handle delete goal error","status":"passed","title":"should handle delete goal error","duration":71.62800000000016,"failureMessages":[],"meta":{}}],"startTime":1776467852427,"endTime":1776467852982.628,"status":"passed","message":"","name":"C:/Users/pmati/AppFamilyFinance/FamilyFlowFinance/tests/unit/hooks/useGoalsQuery.test.tsx"},{"assertionResults":[{"ancestorTitles":["usePayroll.exportPayslips"],"fullName":"usePayroll.exportPayslips exporta com sucesso e abre URL assinada (CSV)","status":"passed","title":"exporta com sucesso e abre URL assinada (CSV)","duration":13.549700000000485,"failureMessages":[],"meta":{}},{"ancestorTitles":["usePayroll.exportPayslips"],"fullName":"usePayroll.exportPayslips propaga erro vindo da Edge Function e define estado de erro","status":"passed","title":"propaga erro vindo da Edge Function e define estado de erro","duration":2.9952000000002954,"failureMessages":[],"meta":{}},{"ancestorTitles":["usePayroll.exportPayslips"],"fullName":"usePayroll.exportPayslips lida com exceções de runtime (ex.: falha de rede)","status":"passed","title":"lida com exceções de runtime (ex.: falha de rede)","duration":2.0336999999999534,"failureMessages":[],"meta":{}}],"startTime":1776467856067,"endTime":1776467856086.0337,"status":"passed","message":"","name":"C:/Users/pmati/AppFamilyFinance/FamilyFlowFinance/tests/unit/hooks/usePayroll.export.test.ts"},{"assertionResults":[{"ancestorTitles":["useTransactionsQuery","useTransactions"],"fullName":"useTransactionsQuery useTransactions should fetch transactions successfully","status":"passed","title":"should fetch transactions successfully","duration":72.83809999999994,"failureMessages":[],"meta":{}},{"ancestorTitles":["useTransactionsQuery","useTransactions"],"fullName":"useTransactionsQuery useTransactions should apply filters correctly","status":"passed","title":"should apply filters correctly","duration":64.11359999999968,"failureMessages":[],"meta":{}},{"ancestorTitles":["useTransactionsQuery","useTransactions"],"fullName":"useTransactionsQuery useTransactions should handle errors","status":"passed","title":"should handle errors","duration":67.54979999999978,"failureMessages":[],"meta":{}},{"ancestorTitles":["useTransactionsQuery","useCreateTransaction"],"fullName":"useTransactionsQuery useCreateTransaction should create transaction successfully","status":"passed","title":"should create transaction successfully","duration":2.600600000000668,"failureMessages":[],"meta":{}},{"ancestorTitles":["useTransactionsQuery","useCreateTransaction"],"fullName":"useTransactionsQuery useCreateTransaction should handle creation errors","status":"passed","title":"should handle creation errors","duration":2.3042999999997846,"failureMessages":[],"meta":{}},{"ancestorTitles":["useTransactionsQuery","useUpdateTransaction"],"fullName":"useTransactionsQuery useUpdateTransaction should update transaction successfully","status":"passed","title":"should update transaction successfully","duration":1.6327000000001135,"failureMessages":[],"meta":{}},{"ancestorTitles":["useTransactionsQuery","useDeleteTransaction"],"fullName":"useTransactionsQuery useDeleteTransaction should delete transaction successfully","status":"passed","title":"should delete transaction successfully","duration":2.0778999999993175,"failureMessages":[],"meta":{}}],"startTime":1776467855378,"endTime":1776467855592.078,"status":"passed","message":"","name":"C:/Users/pmati/AppFamilyFinance/FamilyFlowFinance/tests/unit/hooks/useTransactionsQuery.test.tsx"},{"assertionResults":[{"ancestorTitles":["FamilyAccounts - Cenários de Teste","Cenário 1: Família com Contas e Cartões"],"fullName":"FamilyAccounts - Cenários de Teste Cenário 1: Família com Contas e Cartões deve exibir contas bancárias e cartões de crédito corretamente","status":"passed","title":"deve exibir contas bancárias e cartões de crédito corretamente","duration":98.48189999999977,"failureMessages":[],"meta":{}},{"ancestorTitles":["FamilyAccounts - Cenários de Teste","Cenário 1: Família com Contas e Cartões"],"fullName":"FamilyAccounts - Cenários de Teste Cenário 1: Família com Contas e Cartões deve permitir criar nova conta quando user tem permissões","status":"passed","title":"deve permitir criar nova conta quando user tem permissões","duration":106.20769999999993,"failureMessages":[],"meta":{}},{"ancestorTitles":["FamilyAccounts - Cenários de Teste","Cenário 2: Família sem Contas"],"fullName":"FamilyAccounts - Cenários de Teste Cenário 2: Família sem Contas deve exibir estados vazios quando não há contas","status":"passed","title":"deve exibir estados vazios quando não há contas","duration":12.056300000000192,"failureMessages":[],"meta":{}},{"ancestorTitles":["FamilyAccounts - Cenários de Teste","Cenário 3: Família com Apenas Contas Bancárias"],"fullName":"FamilyAccounts - Cenários de Teste Cenário 3: Família com Apenas Contas Bancárias deve exibir apenas contas bancárias quando não há cartões","status":"passed","title":"deve exibir apenas contas bancárias quando não há cartões","duration":28.960900000000038,"failureMessages":[],"meta":{}},{"ancestorTitles":["FamilyAccounts - Cenários de Teste","Cenário 4: Família com Apenas Cartões de Crédito"],"fullName":"FamilyAccounts - Cenários de Teste Cenário 4: Família com Apenas Cartões de Crédito deve exibir apenas cartões quando não há contas bancárias","status":"passed","title":"deve exibir apenas cartões quando não há contas bancárias","duration":23.939100000000053,"failureMessages":[],"meta":{}},{"ancestorTitles":["FamilyAccounts - Cenários de Teste","Cenário 5: Utilizador sem Permissões"],"fullName":"FamilyAccounts - Cenários de Teste Cenário 5: Utilizador sem Permissões deve ocultar botões de ação quando user não tem permissões","status":"passed","title":"deve ocultar botões de ação quando user não tem permissões","duration":25.403299999999945,"failureMessages":[],"meta":{}},{"ancestorTitles":["FamilyAccounts - Cenários de Teste","Cenário 6: Estados de Loading"],"fullName":"FamilyAccounts - Cenários de Teste Cenário 6: Estados de Loading deve exibir loading state durante carregamento","status":"passed","title":"deve exibir loading state durante carregamento","duration":2.4531999999999243,"failureMessages":[],"meta":{}},{"ancestorTitles":["FamilyAccounts - Cenários de Teste","Cenário 7: Operações CRUD"],"fullName":"FamilyAccounts - Cenários de Teste Cenário 7: Operações CRUD deve permitir editar conta existente","status":"passed","title":"deve permitir editar conta existente","duration":66.4648000000002,"failureMessages":[],"meta":{}},{"ancestorTitles":["FamilyAccounts - Cenários de Teste","Cenário 7: Operações CRUD"],"fullName":"FamilyAccounts - Cenários de Teste Cenário 7: Operações CRUD deve permitir eliminar conta com confirmação","status":"passed","title":"deve permitir eliminar conta com confirmação","duration":49.38370000000032,"failureMessages":[],"meta":{}},{"ancestorTitles":["FamilyAccounts - Cenários de Teste","Cenário 8: Transferências"],"fullName":"FamilyAccounts - Cenários de Teste Cenário 8: Transferências deve permitir abrir modal de transferência","status":"passed","title":"deve permitir abrir modal de transferência","duration":66.03450000000021,"failureMessages":[],"meta":{}},{"ancestorTitles":["FamilyAccounts - Cenários de Teste","Cenário 9: Formatação de Valores"],"fullName":"FamilyAccounts - Cenários de Teste Cenário 9: Formatação de Valores deve formatar valores monetários corretamente","status":"skipped","title":"deve formatar valores monetários corretamente","failureMessages":[],"meta":{}},{"ancestorTitles":["FamilyAccounts - Cenários de Teste","Cenário 10: Responsividade"],"fullName":"FamilyAccounts - Cenários de Teste Cenário 10: Responsividade deve adaptar layout para diferentes tamanhos de ecrã","status":"passed","title":"deve adaptar layout para diferentes tamanhos de ecrã","duration":25.71770000000015,"failureMessages":[],"meta":{}}],"startTime":1776467852678,"endTime":1776467853184.7178,"status":"passed","message":"","name":"C:/Users/pmati/AppFamilyFinance/FamilyFlowFinance/src/features/family/__tests__/FamilyAccounts.test.tsx"},{"assertionResults":[{"ancestorTitles":["Payroll Calculation Functions","Currency Conversion Functions"],"fullName":"Payroll Calculation Functions Currency Conversion Functions should convert euros to cents correctly","status":"passed","title":"should convert euros to cents correctly","duration":1.230199999999968,"failureMessages":[],"meta":{}},{"ancestorTitles":["Payroll Calculation Functions","Currency Conversion Functions"],"fullName":"Payroll Calculation Functions Currency Conversion Functions should convert cents to euros correctly","status":"passed","title":"should convert cents to euros correctly","duration":0.3143000000000029,"failureMessages":[],"meta":{}},{"ancestorTitles":["Payroll Calculation Functions","Currency Conversion Functions"],"fullName":"Payroll Calculation Functions Currency Conversion Functions should format currency correctly","status":"skipped","title":"should format currency correctly","failureMessages":[],"meta":{}},{"ancestorTitles":["Payroll Calculation Functions","Time Calculation Functions"],"fullName":"Payroll Calculation Functions Time Calculation Functions should calculate hours between times correctly","status":"passed","title":"should calculate hours between times correctly","duration":0.5239000000001397,"failureMessages":[],"meta":{}},{"ancestorTitles":["Payroll Calculation Functions","Time Calculation Functions"],"fullName":"Payroll Calculation Functions Time Calculation Functions should validate time entries correctly","status":"passed","title":"should validate time entries correctly","duration":0.355199999999968,"failureMessages":[],"meta":{}},{"ancestorTitles":["Payroll Calculation Functions","Planned Schedule Functions"],"fullName":"Payroll Calculation Functions Planned Schedule Functions should build planned schedule correctly","status":"passed","title":"should build planned schedule correctly","duration":0.763199999999415,"failureMessages":[],"meta":{}},{"ancestorTitles":["Payroll Calculation Functions","Time Segmentation Functions"],"fullName":"Payroll Calculation Functions Time Segmentation Functions should segment regular time entry correctly","status":"passed","title":"should segment regular time entry correctly","duration":0.44989999999961583,"failureMessages":[],"meta":{}},{"ancestorTitles":["Payroll Calculation Functions","Time Segmentation Functions"],"fullName":"Payroll Calculation Functions Time Segmentation Functions should segment overtime entry correctly","status":"passed","title":"should segment overtime entry correctly","duration":0.2852999999995518,"failureMessages":[],"meta":{}},{"ancestorTitles":["Payroll Calculation Functions","Payment Calculation Functions"],"fullName":"Payroll Calculation Functions Payment Calculation Functions should calculate hourly payment correctly","status":"passed","title":"should calculate hourly payment correctly","duration":0.18980000000010477,"failureMessages":[],"meta":{}},{"ancestorTitles":["Payroll Calculation Functions","Payment Calculation Functions"],"fullName":"Payroll Calculation Functions Payment Calculation Functions should calculate meal allowance correctly","status":"passed","title":"should calculate meal allowance correctly","duration":0.3308999999999287,"failureMessages":[],"meta":{}},{"ancestorTitles":["Payroll Calculation Functions","Payment Calculation Functions"],"fullName":"Payroll Calculation Functions Payment Calculation Functions should apply cash payment method exemption limit (€6.00/day)","status":"passed","title":"should apply cash payment method exemption limit (€6.00/day)","duration":0.17159999999967113,"failureMessages":[],"meta":{}},{"ancestorTitles":["Payroll Calculation Functions","Payment Calculation Functions"],"fullName":"Payroll Calculation Functions Payment Calculation Functions should apply card payment method exemption limit (€10.20/day)","status":"passed","title":"should apply card payment method exemption limit (€10.20/day)","duration":0.21169999999983702,"failureMessages":[],"meta":{}},{"ancestorTitles":["Payroll Calculation Functions","Payment Calculation Functions"],"fullName":"Payroll Calculation Functions Payment Calculation Functions should calculate duodecimos correctly (uniform distribution)","status":"passed","title":"should calculate duodecimos correctly (uniform distribution)","duration":0.1610000000000582,"failureMessages":[],"meta":{}},{"ancestorTitles":["Payroll Calculation Functions","Payment Calculation Functions"],"fullName":"Payroll Calculation Functions Payment Calculation Functions should calculate bonuses correctly","status":"passed","title":"should calculate bonuses correctly","duration":0.17780000000038854,"failureMessages":[],"meta":{}},{"ancestorTitles":["Payroll Calculation Functions","Payment Calculation Functions"],"fullName":"Payroll Calculation Functions Payment Calculation Functions should calculate vacation subsidy correctly","status":"passed","title":"should calculate vacation subsidy correctly","duration":0.15709999999944557,"failureMessages":[],"meta":{}},{"ancestorTitles":["Payroll Calculation Functions","Payment Calculation Functions"],"fullName":"Payroll Calculation Functions Payment Calculation Functions should calculate vacation subsidy proportionally","status":"passed","title":"should calculate vacation subsidy proportionally","duration":0.13910000000032596,"failureMessages":[],"meta":{}},{"ancestorTitles":["Payroll Calculation Functions","Payment Calculation Functions"],"fullName":"Payroll Calculation Functions Payment Calculation Functions should calculate christmas subsidy correctly","status":"passed","title":"should calculate christmas subsidy correctly","duration":0.13119999999980791,"failureMessages":[],"meta":{}},{"ancestorTitles":["Payroll Calculation Functions","Payment Calculation Functions"],"fullName":"Payroll Calculation Functions Payment Calculation Functions should calculate christmas subsidy proportionally","status":"passed","title":"should calculate christmas subsidy proportionally","duration":0.1168999999999869,"failureMessages":[],"meta":{}},{"ancestorTitles":["Payroll Calculation Functions","Payment Calculation Functions"],"fullName":"Payroll Calculation Functions Payment Calculation Functions should calculate meal subsidy correctly","status":"passed","title":"should calculate meal subsidy correctly","duration":0.11380000000008295,"failureMessages":[],"meta":{}},{"ancestorTitles":["Payroll Calculation Functions","Payment Calculation Functions"],"fullName":"Payroll Calculation Functions Payment Calculation Functions should return 0 for invalid subsidy type","status":"passed","title":"should return 0 for invalid subsidy type","duration":0.11350000000038563,"failureMessages":[],"meta":{}},{"ancestorTitles":["Payroll Calculation Functions","Payment Calculation Functions"],"fullName":"Payroll Calculation Functions Payment Calculation Functions should calculate mileage reimbursement correctly","status":"passed","title":"should calculate mileage reimbursement correctly","duration":0.15380000000004657,"failureMessages":[],"meta":{}},{"ancestorTitles":["Payroll Calculation Functions","Monthly Total Calculation"],"fullName":"Payroll Calculation Functions Monthly Total Calculation should calculate monthly total correctly","status":"passed","title":"should calculate monthly total correctly","duration":0.8320000000003347,"failureMessages":[],"meta":{}},{"ancestorTitles":["Payroll Calculation Functions","Edge Cases"],"fullName":"Payroll Calculation Functions Edge Cases should handle empty arrays gracefully","status":"passed","title":"should handle empty arrays gracefully","duration":0.22919999999976426,"failureMessages":[],"meta":{}},{"ancestorTitles":["Payroll Calculation Functions","Edge Cases"],"fullName":"Payroll Calculation Functions Edge Cases should handle calculations without overtime policy (all hours as regular)","status":"passed","title":"should handle calculations without overtime policy (all hours as regular)","duration":0.40020000000004075,"failureMessages":[],"meta":{}},{"ancestorTitles":["Payroll Calculation Functions","Edge Cases"],"fullName":"Payroll Calculation Functions Edge Cases should handle calculations without overtime policy (undefined)","status":"passed","title":"should handle calculations without overtime policy (undefined)","duration":0.2778999999991356,"failureMessages":[],"meta":{}},{"ancestorTitles":["Payroll Calculation Functions","Edge Cases"],"fullName":"Payroll Calculation Functions Edge Cases should handle overnight shifts correctly","status":"passed","title":"should handle overnight shifts correctly","duration":0.14530000000013388,"failureMessages":[],"meta":{}},{"ancestorTitles":["Payroll Calculation Functions","Edge Cases"],"fullName":"Payroll Calculation Functions Edge Cases should handle zero rates gracefully","status":"passed","title":"should handle zero rates gracefully","duration":0.24110000000018772,"failureMessages":[],"meta":{}},{"ancestorTitles":["Payroll Calculation Functions","Edge Cases"],"fullName":"Payroll Calculation Functions Edge Cases should handle very large numbers correctly","status":"skipped","title":"should handle very large numbers correctly","failureMessages":[],"meta":{}},{"ancestorTitles":["Payroll Calculation Functions","Validation Functions"],"fullName":"Payroll Calculation Functions Validation Functions should validate correct time format","status":"passed","title":"should validate correct time format","duration":0.22710000000006403,"failureMessages":[],"meta":{}},{"ancestorTitles":["Payr
[...]
nd leave days correctly","duration":0.6738999999997759,"failureMessages":[],"meta":{}},{"ancestorTitles":["OvertimeExtractionService","Edge Cases and Validation"],"fullName":"OvertimeExtractionService Edge Cases and Validation should handle zero break minutes","status":"passed","title":"should handle zero break minutes","duration":0.46849999999994907,"failureMessages":[],"meta":{}},{"ancestorTitles":["OvertimeExtractionService","Edge Cases and Validation"],"fullName":"OvertimeExtractionService Edge Cases and Validation should handle work that crosses midnight","status":"passed","title":"should handle work that crosses midnight","duration":0.3530000000000655,"failureMessages":[],"meta":{}},{"ancestorTitles":["OvertimeExtractionService","Edge Cases and Validation"],"fullName":"OvertimeExtractionService Edge Cases and Validation should handle overtime work that crosses midnight","status":"passed","title":"should handle overtime work that crosses midnight","duration":0.4187999999994645,"failureMessages":[],"meta":{}},{"ancestorTitles":["OvertimeExtractionService","Edge Cases and Validation"],"fullName":"OvertimeExtractionService Edge Cases and Validation should handle night overtime that crosses midnight","status":"passed","title":"should handle night overtime that crosses midnight","duration":0.44910000000072614,"failureMessages":[],"meta":{}},{"ancestorTitles":["OvertimeExtractionService","Edge Cases and Validation"],"fullName":"OvertimeExtractionService Edge Cases and Validation should validate policy configuration","status":"passed","title":"should validate policy configuration","duration":0.933100000000195,"failureMessages":[],"meta":{}},{"ancestorTitles":["OvertimeExtractionService","Edge Cases and Validation"],"fullName":"OvertimeExtractionService Edge Cases and Validation should validate hourly rate","status":"passed","title":"should validate hourly rate","duration":0.4051999999992404,"failureMessages":[],"meta":{}},{"ancestorTitles":["OvertimeExtractionService","Edge Cases and Validation"],"fullName":"OvertimeExtractionService Edge Cases and Validation should handle empty timesheet entries","status":"passed","title":"should handle empty timesheet entries","duration":0.47810000000026776,"failureMessages":[],"meta":{}},{"ancestorTitles":["OvertimeExtractionService","Performance and Large Datasets"],"fullName":"OvertimeExtractionService Performance and Large Datasets should handle large number of entries efficiently","status":"passed","title":"should handle large number of entries efficiently","duration":4.3684000000002925,"failureMessages":[],"meta":{}}],"startTime":1776467857120,"endTime":1776467857137.3684,"status":"passed","message":"","name":"C:/Users/pmati/AppFamilyFinance/FamilyFlowFinance/src/features/payroll/services/overtimeExtraction.service.test.ts"},{"assertionResults":[{"ancestorTitles":["PayrollService Integration Tests","Payroll Contracts"],"fullName":"PayrollService Integration Tests Payroll Contracts should create a payroll contract","status":"passed","title":"should create a payroll contract","duration":2.812800000000607,"failureMessages":[],"meta":{}},{"ancestorTitles":["PayrollService Integration Tests","Payroll Contracts"],"fullName":"PayrollService Integration Tests Payroll Contracts should get all payroll contracts","status":"passed","title":"should get all payroll contracts","duration":1.0654999999997017,"failureMessages":[],"meta":{}},{"ancestorTitles":["PayrollService Integration Tests","Payroll Contracts"],"fullName":"PayrollService Integration Tests Payroll Contracts should update a payroll contract","status":"passed","title":"should update a payroll contract","duration":0.956199999999626,"failureMessages":[],"meta":{}},{"ancestorTitles":["PayrollService Integration Tests","Payroll Contracts"],"fullName":"PayrollService Integration Tests Payroll Contracts should delete a payroll contract","status":"passed","title":"should delete a payroll contract","duration":0.6019999999998618,"failureMessages":[],"meta":{}},{"ancestorTitles":["PayrollService Integration Tests","OT Policies"],"fullName":"PayrollService Integration Tests OT Policies should create an OT policy","status":"passed","title":"should create an OT policy","duration":0.6486999999997352,"failureMessages":[],"meta":{}},{"ancestorTitles":["PayrollService Integration Tests","OT Policies"],"fullName":"PayrollService Integration Tests OT Policies should get all OT policies","status":"passed","title":"should get all OT policies","duration":0.6547999999993408,"failureMessages":[],"meta":{}},{"ancestorTitles":["PayrollService Integration Tests","Holidays"],"fullName":"PayrollService Integration Tests Holidays should create a holiday","status":"passed","title":"should create a holiday","duration":0.7950999999993655,"failureMessages":[],"meta":{}},{"ancestorTitles":["PayrollService Integration Tests","Holidays"],"fullName":"PayrollService Integration Tests Holidays should get holidays for a date range","status":"passed","title":"should get holidays for a date range","duration":1.2905000000000655,"failureMessages":[],"meta":{}},{"ancestorTitles":["PayrollService Integration Tests","Time Entries"],"fullName":"PayrollService Integration Tests Time Entries should create a time entry","status":"passed","title":"should create a time entry","duration":1.2037000000000262,"failureMessages":[],"meta":{}},{"ancestorTitles":["PayrollService Integration Tests","Time Entries"],"fullName":"PayrollService Integration Tests Time Entries should get time entries for a date range","status":"passed","title":"should get time entries for a date range","duration":0.9465000000000146,"failureMessages":[],"meta":{}},{"ancestorTitles":["PayrollService Integration Tests","Time Entries"],"fullName":"PayrollService Integration Tests Time Entries should create time entry with correct parameters","status":"passed","title":"should create time entry with correct parameters","duration":1.0740999999998166,"failureMessages":[],"meta":{}},{"ancestorTitles":["PayrollService Integration Tests","Mileage Policies"],"fullName":"PayrollService Integration Tests Mileage Policies should create a mileage policy","status":"passed","title":"should create a mileage policy","duration":0.7305999999998676,"failureMessages":[],"meta":{}},{"ancestorTitles":["PayrollService Integration Tests","Mileage Policies"],"fullName":"PayrollService Integration Tests Mileage Policies should get all mileage policies","status":"passed","title":"should get all mileage policies","duration":0.5824000000002343,"failureMessages":[],"meta":{}},{"ancestorTitles":["PayrollService Integration Tests","Mileage Trips"],"fullName":"PayrollService Integration Tests Mileage Trips should create a mileage trip","status":"passed","title":"should create a mileage trip","duration":0.6945000000005166,"failureMessages":[],"meta":{}},{"ancestorTitles":["PayrollService Integration Tests","Mileage Trips"],"fullName":"PayrollService Integration Tests Mileage Trips should get mileage trips for a date range","status":"passed","title":"should get mileage trips for a date range","duration":0.6674000000002707,"failureMessages":[],"meta":{}},{"ancestorTitles":["PayrollService Integration Tests","Payroll Calculation"],"fullName":"PayrollService Integration Tests Payroll Calculation should recalculate payroll successfully","status":"passed","title":"should recalculate payroll successfully","duration":21.670099999999366,"failureMessages":[],"meta":{}},{"ancestorTitles":["PayrollService Integration Tests","Error Handling"],"fullName":"PayrollService Integration Tests Error Handling should handle database errors gracefully","status":"passed","title":"should handle database errors gracefully","duration":2.489699999999175,"failureMessages":[],"meta":{}},{"ancestorTitles":["PayrollService Integration Tests","Error Handling"],"fullName":"PayrollService Integration Tests Error Handling should handle network errors gracefully","status":"passed","title":"should handle network errors gracefully","duration":5.159700000000157,"failureMessages":[],"meta":{}},{"ancestorTitles":["PayrollService Integration Tests","Data Validation"],"fullName":"PayrollService Integration Tests Data Validation should validate contract data before creation","status":"passed","title":"should validate contract data before creation","duration":0.30280000000038854,"failureMessages":[],"meta":{}},{"ancestorTitles":["PayrollService Integration Tests","Data Validation"],"fullName":"PayrollService Integration Tests Data Validation should validate time entry data","status":"passed","title":"should validate time entry data","duration":0.25,"failureMessages":[],"meta":{}},{"ancestorTitles":["PayrollService Integration Tests","Payroll Configuration Validation","getPayrollConfigurationStatus"],"fullName":"PayrollService Integration Tests Payroll Configuration Validation getPayrollConfigurationStatus should return valid configuration when all requirements are met","status":"passed","title":"should return valid configuration when all requirements are met","duration":2.45299999999952,"failureMessages":[],"meta":{}},{"ancestorTitles":["PayrollService Integration Tests","Payroll Configuration Validation","getPayrollConfigurationStatus"],"fullName":"PayrollService Integration Tests Payroll Configuration Validation getPayrollConfigurationStatus should return invalid configuration when contract is missing required fields","status":"passed","title":"should return invalid configuration when contract is missing required fields","duration":2.2941000000000713,"failureMessages":[],"meta":{}},{"ancestorTitles":["PayrollService Integration Tests","Payroll Configuration Validation","getPayrollConfigurationStatus"],"fullName":"PayrollService Integration Tests Payroll Configuration Validation getPayrollConfigurationStatus should return valid configuration when overtime policy is missing (now optional)","status":"passed","title":"should return valid configuration when overtime policy is missing (now optional)","duration":2.35110000000077,"failureMessages":[],"meta":{}},{"ancestorTitles":["PayrollService Integration Tests","Payroll Configuration Validation","getPayrollConfigurationStatus"],"fullName":"PayrollService Integration Tests Payroll Configuration Validation getPayrollConfigurationStatus should handle database errors gracefully","status":"passed","title":"should handle database errors gracefully","duration":2.1411999999991167,"failureMessages":[],"meta":{}},{"ancestorTitles":["PayrollService Integration Tests","Payroll Configuration Validation","validatePayrollConfiguration"],"fullName":"PayrollService Integration Tests Payroll Configuration Validation validatePayrollConfiguration should return valid when configuration is complete","status":"passed","title":"should return valid when configuration is complete","duration":5.051300000000083,"failureMessages":[],"meta":{}},{"ancestorTitles":["PayrollService Integration Tests","Payroll Configuration Validation","validatePayrollConfiguration"],"fullName":"PayrollService Integration Tests Payroll Configuration Validation validatePayrollConfiguration should return invalid when configuration is incomplete","status":"skipped","title":"should return invalid when configuration is incomplete","failureMessages":[],"meta":{}},{"ancestorTitles":["PayrollService Integration Tests","Payroll Configuration Validation","createPayrollPeriod with validation"],"fullName":"PayrollService Integration Tests Payroll Configuration Validation createPayrollPeriod with validation should create period when configuration is valid","status":"passed","title":"should create period when configuration is valid","duration":1.247099999999591,"failureMessages":[],"meta":{}},{"ancestorTitles":["PayrollService Integration Tests","Payroll Configuration Validation","createPayrollPeriod with validation"],"fullName":"PayrollService Integration Tests Payroll Configuration Validation createPayrollPeriod with validation should throw error when configuration is invalid","status":"passed","title":"should throw error when configuration is invalid","duration":0.8951999999999316,"failureMessages":[],"meta":{}},{"ancestorTitles":["PayrollService Integration Tests","Payroll Configuration Validation","createPayrollPeriod with validation"],"fullName":"PayrollService Integration Tests Payroll Configuration Validation createPayrollPeriod with validation should throw error when period already exists","status":"passed","title":"should throw error when period already exists","duration":1.1391999999996187,"failureMessages":[],"meta":{}}],"startTime":1776467855733,"endTime":1776467855797.1392,"status":"passed","message":"","name":"C:/Users/pmati/AppFamilyFinance/FamilyFlowFinance/src/features/payroll/services/payrollService.test.ts"},{"assertionResults":[{"ancestorTitles":["WeeklyTimesheetForm - Holiday Auto-fill"],"fullName":"WeeklyTimesheetForm - Holiday Auto-fill should load holidays when creating empty week entries","status":"passed","title":"should load holidays when creating empty week entries","duration":192.47170000000006,"failureMessages":[],"meta":{}},{"ancestorTitles":["WeeklyTimesheetForm - Holiday Auto-fill"],"fullName":"WeeklyTimesheetForm - Holiday Auto-fill should automatically create holiday entries when auto-save is triggered","status":"passed","title":"should automatically create holiday entries when auto-save is triggered","duration":102.91040000000021,"failureMessages":[],"meta":{}},{"ancestorTitles":["WeeklyTimesheetForm - Holiday Auto-fill"],"fullName":"WeeklyTimesheetForm - Holiday Auto-fill should show toast notification when holiday entries are auto-saved","status":"passed","title":"should show toast notification when holiday entries are auto-saved","duration":1107.7392999999997,"failureMessages":[],"meta":{}}],"startTime":1776467852823,"endTime":1776467854225.7393,"status":"passed","message":"","name":"C:/Users/pmati/AppFamilyFinance/FamilyFlowFinance/src/features/payroll/components/__tests__/WeeklyTimesheetForm.holiday.test.tsx"},{"assertionResults":[{"ancestorTitles":["OvertimeExtractionService","Constructor validation"],"fullName":"OvertimeExtractionService Constructor validation should throw error if hourly rate is zero or negative","status":"passed","title":"should throw error if hourly rate is zero or negative","duration":1.922299999999268,"failureMessages":[],"meta":{}},{"ancestorTitles":["OvertimeExtractionService","Constructor validation"],"fullName":"OvertimeExtractionService Constructor validation should throw error if policy threshold is zero or negative","status":"passed","title":"should throw error if policy threshold is zero or negative","duration":0.31420000000071013,"failureMessages":[],"meta":{}},{"ancestorTitles":["OvertimeExtractionService","extractOvertimeFromTimesheet"],"fullName":"OvertimeExtractionService extractOvertimeFromTimesheet should return zero overtime for entries within threshold","status":"passed","title":"should return zero overtime for entries within threshold","duration":1.8670000000001892,"failureMessages":[],"meta":{}},{"ancestorTitles":["OvertimeExtractionService","extractOvertimeFromTimesheet"],"fullName":"OvertimeExtractionService extractOvertimeFromTimesheet should calculate overtime for entries exceeding threshold","status":"passed","title":"should calculate overtime for entries exceeding threshold","duration":0.745600000000195,"failureMessages":[],"meta":{}},{"ancestorTitles":["OvertimeExtractionService","extractOvertimeFromTimesheet"],"fullName":"OvertimeExtractionService extractOvertimeFromTimesheet should apply holiday multiplier correctly","status":"passed","title":"should apply holiday multiplier correctly","duration":0.3773000000001048,"failureMessages":[],"meta":{}},{"ancestorTitles":["OvertimeExtractionService","extractOvertimeFromTimesheet"],"fullName":"OvertimeExtractionService extractOvertimeFromTimesheet should apply weekend multiplier correctly","status":"passed","title":"should apply weekend multiplier correctly","duration":0.2855999999992491,"failureMessages":[],"meta":{}},{"ancestorTitles":["OvertimeExtractionService","extractOvertimeFromTimesheet"],"fullName":"OvertimeExtractionService extractOvertimeFromTimesheet should apply night multiplier correctly","status":"passed","title":"should apply night multiplier correctly","duration":0.26230000000032305,"failureMessages":[],"meta":{}},{"ancestorTitles":["OvertimeExtractionService","extractOvertimeFromTimesheet"],"fullName":"OvertimeExtractionService extractOvertimeFromTimesheet should respect daily limit","status":"passed","title":"should respect daily limit","duration":0.2920000000003711,"failureMessages":[],"meta":{}},{"ancestorTitles":["OvertimeExtractionService","extractOvertimeFromTimesheet"],"fullName":"OvertimeExtractionService extractOvertimeFromTimesheet should handle sick days correctly","status":"passed","title":"should handle sick days correctly","duration":0.3216000000002168,"failureMessages":[],"meta":{}},{"ancestorTitles":["OvertimeExtractionService","extractOvertimeFromTimesheet"],"fullName":"OvertimeExtractionService extractOvertimeFromTimesheet should handle vacation days correctly","status":"passed","title":"should handle vacation days correctly","duration":0.22440000000005966,"failureMessages":[],"meta":{}},{"ancestorTitles":["OvertimeExtractionService","extractOvertimeFromTimesheet"],"fullName":"OvertimeExtractionService extractOvertimeFromTimesheet should calculate weekly overtime correctly","status":"passed","title":"should calculate weekly overtime correctly","duration":2.1675999999997657,"failureMessages":[],"meta":{}},{"ancestorTitles":["OvertimeExtractionService","extractOvertimeFromTimesheet"],"fullName":"OvertimeExtractionService extractOvertimeFromTimesheet should handle empty timesheet entries","status":"passed","title":"should handle empty timesheet entries","duration":0.41710000000057335,"failureMessages":[],"meta":{}},{"ancestorTitles":["OvertimeExtractionService","extractOvertimeFromTimesheet"],"fullName":"OvertimeExtractionService extractOvertimeFromTimesheet should generate warnings for annual limit exceeded","status":"passed","title":"should generate warnings for annual limit exceeded","duration":6.382099999999809,"failureMessages":[],"meta":{}},{"ancestorTitles":["OvertimeExtractionService","extractOvertimeFromTimesheet"],"fullName":"OvertimeExtractionService extractOvertimeFromTimesheet should handle cross-day shifts correctly","status":"passed","title":"should handle cross-day shifts correctly","duration":0.4070000000001528,"failureMessages":[],"meta":{}},{"ancestorTitles":["OvertimeExtractionService","extractOvertimeFromTimesheet"],"fullName":"OvertimeExtractionService extractOvertimeFromTimesheet should round overtime hours according to policy","status":"passed","title":"should round overtime hours according to policy","duration":0.48330000000078144,"failureMessages":[],"meta":{}},{"ancestorTitles":["OvertimeExtractionService","Edge cases"],"fullName":"OvertimeExtractionService Edge cases should handle invalid time formats gracefully","status":"passed","title":"should handle invalid time formats gracefully","duration":0.49609999999938736,"failureMessages":[],"meta":{}},{"ancestorTitles":["OvertimeExtractionService","Edge cases"],"fullName":"OvertimeExtractionService Edge cases should handle negative break minutes","status":"passed","title":"should handle negative break minutes","duration":0.3073000000003958,"failureMessages":[],"meta":{}},{"ancestorTitles":["OvertimeExtractionService","Edge cases"],"fullName":"OvertimeExtractionService Edge cases should handle end time before start time","status":"passed","title":"should handle end time before start time","duration":0.48289999999997235,"failureMessages":[],"meta":{}}],"startTime":1776467856635,"endTime":1776467856653.496,"status":"passed","message":"","name":"C:/Users/pmati/AppFamilyFinance/FamilyFlowFinance/src/features/payroll/services/__tests__/overtimeExtraction.service.test.ts"}]}